7.6304 	INFO 	Loaded monitor calibration from ['2025_02_20 13:57']
7.6464 	WARNING 	User requested fullscreen with size [2560 1440], but screen is actually [1920, 1080]. Using actual size
8.7373 	EXP 	Created window1 = Window(allowGUI=False, allowStencil=False, autoLog=True, backendConf=UNKNOWN, backgroundFit=<method-wrapper '__getattribute__' of attributeSetter object at 0x000002476403EB30>, backgroundImage=<method-wrapper '__getattribute__' of attributeSetter object at 0x000002476403EAD0>, bitsMode=UNKNOWN, blendMode='avg', bpc=(8, 8, 8), color=array([0, 0, 0]), colorSpace='rgb', depthBits=8, fullscr=True, gamma=None, gammaErrorPolicy='raise', infoMsg=UNKNOWN, lms=UNKNOWN, monitor=<psychopy.monitors.calibTools.Monitor object at 0x00000247642140A0>, multiSample=False, name='window1', numSamples=2, pos=[0.0, 0.0], screen=1, size=array([1920, 1080]), stencilBits=0, stereo=False, title='PsychoPy', units='height', useFBO=True, useRetina=False, viewOri=0.0, viewPos=None, viewScale=None, waitBlanking=True, winType='pyglet')
8.7374 	EXP 	window1: backgroundImage = ''
8.7374 	EXP 	window1: backgroundFit = 'none'
8.8714 	EXP 	window1: Attempting to measure frame rate of screen (1) ...
8.8715 	EXP 	window1: recordFrameIntervals = False
9.0363 	EXP 	window1: recordFrameIntervals = True
9.2195 	EXP 	Screen (1) actual frame rate measured at 60.04Hz
9.2196 	EXP 	window1: recordFrameIntervals = False
11.1670 	INFO 	keyboard.Keyboard is using iohub backend.
11.1670 	EXP 	data_collection: status = STARTED
11.2336 	EXP 	Created text = TextStim(__class__=<class 'psychopy.visual.text.TextStim'>, alignHoriz=method-wrapper(...), alignText='center', alignVert=method-wrapper(...), anchorHoriz='center', anchorVert='center', antialias=True, autoDraw=False, autoLog=True, bold=False, color=array([1., 1., 1.]), colorSpace='rgb', contrast=1.0, depth=0.0, draggable=False, flipHoriz=False, flipVert=False, font='Arial', fontFiles=[], height=0.05, italic=False, languageStyle='LTR', name='text', opacity=1, ori=0.0, pos=array([0., 0.]), rgb=UNKNOWN, text='Ajustment Period', units='height', win=Window(...), wrapWidth=1)
11.2533 	EXP 	Created wordDisplayText = TextStim(__class__=<class 'psychopy.visual.text.TextStim'>, alignHoriz=method-wrapper(...), alignText='center', alignVert=method-wrapper(...), anchorHoriz='center', anchorVert='center', antialias=True, autoDraw=False, autoLog=True, bold=False, color=array([1., 1., 1.]), colorSpace='rgb', contrast=1.0, depth=-1.0, draggable=False, flipHoriz=False, flipVert=False, font='Arial', fontFiles=[], height=0.05, italic=False, languageStyle='LTR', name='wordDisplayText', opacity=1, ori=0.0, pos=array([0., 0.]), rgb=UNKNOWN, text='', units='height', win=Window(...), wrapWidth=1)
11.2577 	EXP 	Created fixationCross = TextStim(__class__=<class 'psychopy.visual.text.TextStim'>, alignHoriz=method-wrapper(...), alignText='center', alignVert=method-wrapper(...), anchorHoriz='center', anchorVert='center', antialias=True, autoDraw=False, autoLog=True, bold=False, color=array([1., 1., 1.]), colorSpace='rgb', contrast=1.0, depth=0.0, draggable=False, flipHoriz=False, flipVert=False, font='Arial', fontFiles=[], height=0.05, italic=False, languageStyle='LTR', name='fixationCross', opacity=1, ori=0.0, pos=array([0., 0.]), rgb=UNKNOWN, text='+', units='height', win=Window(...), wrapWidth=1)
11.2630 	EXP 	Created placeholder_image = ImageStim(__class__=<class 'psychopy.visual.image.ImageStim'>, anchor=('center', 'center'), autoLog=True, color=array([1., 1., 1.]), colorSpace='rgb', contrast=1.0, depth=0.0, draggable=False, flipHoriz=False, flipVert=False, image='blank.png', interpolate=True, mask=None, maskParams=None, name='placeholder_image', opacity=1, ori=0.0, pos=array([0., 0.]), size=array([0.5, 0.5]), texRes=128.0, units='height', win=Window(...))
0.0211 	EXP 	text: autoDraw = True
10.0183 	EXP 	Imported words.csv as conditions, 20 conditions, 3 params
10.0194 	EXP 	New trial (rep=0, index=0): <Trial 0 (0 in rep 0) data={'word': 'I', 'marker': 1, 'keybind': 'a', 'thisN': 0, 'thisTrialN': 0, 'thisRepN': 0}>
10.0368 	DATA 	Keypress: f
10.0398 	EXP 	text: autoDraw = False
10.0398 	EXP 	wordDisplayText: height = 0.05
10.0398 	EXP 	wordDisplayText: height = 0.05
10.0398 	EXP 	wordDisplayText: height = 0.05
10.0398 	EXP 	wordDisplayText: text = 'You'
10.0398 	EXP 	wordDisplayText: autoDraw = True
14.0265 	EXP 	wordDisplayText: autoDraw = False
14.0265 	EXP 	fixationCross: autoDraw = True
50.0486 	EXP 	fixationCross: autoDraw = False
50.0486 	EXP 	placeholder_image: autoDraw = True
58.0075 	EXP 	New trial (rep=0, index=1): <Trial 1 (1 in rep 0) data={'word': 'More', 'marker': 2, 'keybind': 'b', 'thisN': 1, 'thisTrialN': 1, 'thisRepN': 0}>
58.0128 	DATA 	Keypress: q
58.0238 	EXP 	placeholder_image: autoDraw = False
58.0238 	EXP 	wordDisplayText: height = 0.05
58.0238 	EXP 	wordDisplayText: height = 0.05
58.0238 	EXP 	wordDisplayText: height = 0.05
58.0238 	EXP 	wordDisplayText: text = 'Put'
58.0238 	EXP 	wordDisplayText: autoDraw = True
62.0203 	EXP 	wordDisplayText: autoDraw = False
62.0203 	EXP 	fixationCross: autoDraw = True
98.0240 	EXP 	fixationCross: autoDraw = False
98.0240 	EXP 	placeholder_image: autoDraw = True
106.0011 	EXP 	New trial (rep=0, index=2): <Trial 2 (2 in rep 0) data={'word': 'What', 'marker': 3, 'keybind': 'c', 'thisN': 2, 'thisTrialN': 2, 'thisRepN': 0}>
106.0101 	DATA 	Keypress: s
106.0175 	EXP 	placeholder_image: autoDraw = False
106.0175 	EXP 	wordDisplayText: height = 0.05
106.0175 	EXP 	wordDisplayText: height = 0.05
106.0175 	EXP 	wordDisplayText: height = 0.05
106.0175 	EXP 	wordDisplayText: text = 'Get'
106.0175 	EXP 	wordDisplayText: autoDraw = True
108.8331 	DATA 	Keypress: escape
108.9493 	EXP 	data_collection: status = STOPPED
108.9652 	EXP 	wordDisplayText: autoDraw = False
108.9653 	EXP 	data_collection: status = STOPPED
108.9686 	INFO 	saved data to 'C:\\Users\\User\\Desktop\\AI Work\\Year 3\\FYP\\FYP-Procedure\\psychopy\\data/010371_data_collection_2025-02-27_17h00.41.420.csv'
108.9701 	INFO 	saved data to C:\Users\User\Desktop\AI Work\Year 3\FYP\FYP-Procedure\psychopy\data/010371_data_collection_2025-02-27_17h00.41.420.psydat
