6.6523 	INFO 	Loaded monitor calibration from ['2025_02_20 13:57']
6.6702 	WARNING 	User requested fullscreen with size [2560 1440], but screen is actually [1920, 1080]. Using actual size
7.7477 	EXP 	Created window1 = Window(allowGUI=False, allowStencil=False, autoLog=True, backendConf=UNKNOWN, backgroundFit=<method-wrapper '__getattribute__' of attributeSetter object at 0x0000020ECA676290>, backgroundImage=<method-wrapper '__getattribute__' of attributeSetter object at 0x0000020ECA676230>, bitsMode=UNKNOWN, blendMode='avg', bpc=(8, 8, 8), color=array([0, 0, 0]), colorSpace='rgb', depthBits=8, fullscr=True, gamma=None, gammaErrorPolicy='raise', infoMsg=UNKNOWN, lms=UNKNOWN, monitor=<psychopy.monitors.calibTools.Monitor object at 0x0000020ECA83F7C0>, multiSample=False, name='window1', numSamples=2, pos=[0.0, 0.0], screen=1, size=array([1920, 1080]), stencilBits=0, stereo=False, title='PsychoPy', units='height', useFBO=True, useRetina=False, viewOri=0.0, viewPos=None, viewScale=None, waitBlanking=True, winType='pyglet')
7.7478 	EXP 	window1: backgroundImage = ''
7.7478 	EXP 	window1: backgroundFit = 'none'
7.8849 	EXP 	window1: Attempting to measure frame rate of screen (1) ...
7.8849 	EXP 	window1: recordFrameIntervals = False
8.0476 	EXP 	window1: recordFrameIntervals = True
8.2308 	EXP 	Screen (1) actual frame rate measured at 60.02Hz
8.2308 	EXP 	window1: recordFrameIntervals = False
10.1495 	INFO 	keyboard.Keyboard is using iohub backend.
10.1496 	EXP 	data_collection: status = STARTED
10.2042 	EXP 	Created text = TextStim(__class__=<class 'psychopy.visual.text.TextStim'>, alignHoriz=method-wrapper(...), alignText='center', alignVert=method-wrapper(...), anchorHoriz='center', anchorVert='center', antialias=True, autoDraw=False, autoLog=True, bold=False, color=array([1., 1., 1.]), colorSpace='rgb', contrast=1.0, depth=0.0, draggable=False, flipHoriz=False, flipVert=False, font='Arial', fontFiles=[], height=0.05, italic=False, languageStyle='LTR', name='text', opacity=1, ori=0.0, pos=array([0., 0.]), rgb=UNKNOWN, text='Adjustment Period', units='height', win=Window(...), wrapWidth=1)
10.2077 	EXP 	Created fixationCross_2 = TextStim(__class__=<class 'psychopy.visual.text.TextStim'>, alignHoriz=method-wrapper(...), alignText='center', alignVert=method-wrapper(...), anchorHoriz='center', anchorVert='center', antialias=True, autoDraw=False, autoLog=True, bold=False, color=array([1., 1., 1.]), colorSpace='rgb', contrast=1.0, depth=0.0, draggable=False, flipHoriz=False, flipVert=False, font='Arial', fontFiles=[], height=0.05, italic=False, languageStyle='LTR', name='fixationCross_2', opacity=1, ori=0.0, pos=array([0., 0.]), rgb=UNKNOWN, text='+', units='height', win=Window(...), wrapWidth=1)
10.2244 	EXP 	Created wordDisplayText = TextStim(__class__=<class 'psychopy.visual.text.TextStim'>, alignHoriz=method-wrapper(...), alignText='center', alignVert=method-wrapper(...), anchorHoriz='center', anchorVert='center', antialias=True, autoDraw=False, autoLog=True, bold=False, color=array([1., 1., 1.]), colorSpace='rgb', contrast=1.0, depth=-1.0, draggable=False, flipHoriz=False, flipVert=False, font='Arial', fontFiles=[], height=0.05, italic=False, languageStyle='LTR', name='wordDisplayText', opacity=1, ori=0.0, pos=array([0., 0.]), rgb=UNKNOWN, text='', units='height', win=Window(...), wrapWidth=1)
10.2274 	EXP 	Created fixationCross = TextStim(__class__=<class 'psychopy.visual.text.TextStim'>, alignHoriz=method-wrapper(...), alignText='center', alignVert=method-wrapper(...), anchorHoriz='center', anchorVert='center', antialias=True, autoDraw=False, autoLog=True, bold=False, color=array([1., 1., 1.]), colorSpace='rgb', contrast=1.0, depth=0.0, draggable=False, flipHoriz=False, flipVert=False, font='Arial', fontFiles=[], height=0.05, italic=False, languageStyle='LTR', name='fixationCross', opacity=1, ori=0.0, pos=array([0., 0.]), rgb=UNKNOWN, text='+', units='height', win=Window(...), wrapWidth=1)
10.2307 	EXP 	Created placeholder_image = ImageStim(__class__=<class 'psychopy.visual.image.ImageStim'>, anchor=('center', 'center'), autoLog=True, color=array([1., 1., 1.]), colorSpace='rgb', contrast=1.0, depth=0.0, draggable=False, flipHoriz=False, flipVert=False, image='blank.png', interpolate=True, mask=None, maskParams=None, name='placeholder_image', opacity=1, ori=0.0, pos=array([0., 0.]), size=array([0.5, 0.5]), texRes=128.0, units='height', win=Window(...))
0.0145 	EXP 	text: autoDraw = True
10.0120 	EXP 	Imported words.csv as conditions, 20 conditions, 3 params
10.0124 	EXP 	New trial (rep=0, index=0): <Trial 0 (0 in rep 0) data={'word': 'I', 'marker': 1, 'keybind': 'a', 'thisN': 0, 'thisTrialN': 0, 'thisRepN': 0}>
10.0232 	EXP 	text: autoDraw = False
10.0232 	EXP 	fixationCross_2: autoDraw = True
12.0154 	DATA 	Keypress: n
12.0217 	EXP 	fixationCross_2: autoDraw = False
12.0217 	EXP 	wordDisplayText: height = 0.05
12.0217 	EXP 	wordDisplayText: height = 0.05
12.0217 	EXP 	wordDisplayText: height = 0.05
12.0217 	EXP 	wordDisplayText: text = 'In'
12.0217 	EXP 	wordDisplayText: autoDraw = True
16.0186 	EXP 	wordDisplayText: autoDraw = False
16.0186 	EXP 	fixationCross: autoDraw = True
52.0432 	EXP 	fixationCross: autoDraw = False
52.0432 	EXP 	placeholder_image: autoDraw = True
60.0160 	EXP 	New trial (rep=0, index=1): <Trial 1 (1 in rep 0) data={'word': 'More', 'marker': 2, 'keybind': 'b', 'thisN': 1, 'thisTrialN': 1, 'thisRepN': 0}>
60.0322 	EXP 	placeholder_image: autoDraw = False
60.0322 	EXP 	fixationCross_2: autoDraw = True
62.0209 	DATA 	Keypress: i
62.0308 	EXP 	fixationCross_2: autoDraw = False
62.0308 	EXP 	wordDisplayText: height = 0.05
62.0308 	EXP 	wordDisplayText: height = 0.05
62.0308 	EXP 	wordDisplayText: height = 0.05
62.0308 	EXP 	wordDisplayText: text = 'On'
62.0308 	EXP 	wordDisplayText: autoDraw = True
63.6139 	DATA 	Keypress: escape
63.7633 	EXP 	data_collection: status = STOPPED
63.7798 	EXP 	wordDisplayText: autoDraw = False
63.7800 	EXP 	data_collection: status = STOPPED
63.7830 	INFO 	saved data to 'C:\\Users\\User\\Desktop\\AI Work\\Year 3\\FYP\\FYP-Procedure\\psychopy\\data/023154_data_collection_2025-03-06_18h08.10.634.csv'
63.7844 	INFO 	saved data to C:\Users\User\Desktop\AI Work\Year 3\FYP\FYP-Procedure\psychopy\data/023154_data_collection_2025-03-06_18h08.10.634.psydat
