5.3115 	INFO 	Loaded monitor calibration from ['2025_02_20 13:57']
6.8458 	EXP 	Created window1 = Window(allowGUI=False, allowStencil=False, autoLog=True, backendConf=UNKNOWN, backgroundFit=<method-wrapper '__getattribute__' of attributeSetter object at 0x0000017815055DB0>, backgroundImage=<method-wrapper '__getattribute__' of attributeSetter object at 0x0000017815055D50>, bitsMode=UNKNOWN, blendMode='avg', bpc=(8, 8, 8), color=array([0, 0, 0]), colorSpace='rgb', depthBits=8, fullscr=True, gamma=None, gammaErrorPolicy='raise', infoMsg=UNKNOWN, lms=UNKNOWN, monitor=<psychopy.monitors.calibTools.Monitor object at 0x00000178152172E0>, multiSample=False, name='window1', numSamples=2, pos=[0.0, 0.0], screen=1, size=array([2560, 1440]), stencilBits=0, stereo=False, title='PsychoPy', units='height', useFBO=True, useRetina=False, viewOri=0.0, viewPos=None, viewScale=None, waitBlanking=True, winType='pyglet')
6.8460 	EXP 	window1: backgroundImage = ''
6.8460 	EXP 	window1: backgroundFit = 'none'
7.0136 	EXP 	window1: Attempting to measure frame rate of screen (1) ...
7.0137 	EXP 	window1: recordFrameIntervals = False
7.1916 	EXP 	window1: recordFrameIntervals = True
7.2933 	WARNING 	t of last frame was 21.18ms (=1/47)
7.3598 	WARNING 	t of last frame was 20.45ms (=1/48)
7.3816 	WARNING 	t of last frame was 21.82ms (=1/45)
7.4198 	WARNING 	t of last frame was 22.53ms (=1/44)
7.4423 	WARNING 	Multiple dropped frames have occurred - I'll stop bothering you about them!
8.8879 	WARNING 	Couldn't measure a consistent frame rate!
  - Is your graphics card set to sync to vertical blank?
  - Are you running other processes on your computer?

11.0101 	INFO 	keyboard.Keyboard is using iohub backend.
11.0101 	EXP 	data_collection: status = STARTED
11.0776 	EXP 	Created text = TextStim(__class__=<class 'psychopy.visual.text.TextStim'>, alignHoriz=method-wrapper(...), alignText='center', alignVert=method-wrapper(...), anchorHoriz='center', anchorVert='center', antialias=True, autoDraw=False, autoLog=True, bold=False, color=array([1., 1., 1.]), colorSpace='rgb', contrast=1.0, depth=0.0, draggable=False, flipHoriz=False, flipVert=False, font='Arial', fontFiles=[], height=0.05, italic=False, languageStyle='LTR', name='text', opacity=1, ori=0.0, pos=array([0., 0.]), rgb=UNKNOWN, text='Ajustment Period', units='height', win=Window(...), wrapWidth=1)
11.0917 	EXP 	Created wordDisplayText = TextStim(__class__=<class 'psychopy.visual.text.TextStim'>, alignHoriz=method-wrapper(...), alignText='center', alignVert=method-wrapper(...), anchorHoriz='center', anchorVert='center', antialias=True, autoDraw=False, autoLog=True, bold=False, color=array([1., 1., 1.]), colorSpace='rgb', contrast=1.0, depth=-1.0, draggable=False, flipHoriz=False, flipVert=False, font='Arial', fontFiles=[], height=0.05, italic=False, languageStyle='LTR', name='wordDisplayText', opacity=1, ori=0.0, pos=array([0., 0.]), rgb=UNKNOWN, text='', units='height', win=Window(...), wrapWidth=1)
11.0984 	EXP 	Created fixationCross = TextStim(__class__=<class 'psychopy.visual.text.TextStim'>, alignHoriz=method-wrapper(...), alignText='center', alignVert=method-wrapper(...), anchorHoriz='center', anchorVert='center', antialias=True, autoDraw=False, autoLog=True, bold=False, color=array([1., 1., 1.]), colorSpace='rgb', contrast=1.0, depth=0.0, draggable=False, flipHoriz=False, flipVert=False, font='Arial', fontFiles=[], height=0.05, italic=False, languageStyle='LTR', name='fixationCross', opacity=1, ori=0.0, pos=array([0., 0.]), rgb=UNKNOWN, text='+', units='height', win=Window(...), wrapWidth=1)
0.0241 	EXP 	text: autoDraw = True
10.0183 	EXP 	Imported words.csv as conditions, 20 conditions, 3 params
10.0186 	EXP 	New trial (rep=0, index=0): <Trial 0 (0 in rep 0) data={'word': 'I', 'marker': 1, 'keybind': 'a', 'thisN': 0, 'thisTrialN': 0, 'thisRepN': 0}>
10.0354 	EXP 	text: autoDraw = False
10.0354 	EXP 	wordDisplayText: height = 0.05
10.0354 	EXP 	wordDisplayText: height = 0.05
10.0354 	EXP 	wordDisplayText: height = 0.05
10.0354 	EXP 	wordDisplayText: text = 'Do'
10.0354 	EXP 	wordDisplayText: autoDraw = True
14.0256 	EXP 	wordDisplayText: autoDraw = False
14.0256 	EXP 	fixationCross: autoDraw = True
50.0131 	EXP 	New trial (rep=0, index=1): <Trial 1 (1 in rep 0) data={'word': 'More', 'marker': 2, 'keybind': 'b', 'thisN': 1, 'thisTrialN': 1, 'thisRepN': 0}>
50.0296 	EXP 	fixationCross: autoDraw = False
50.0296 	EXP 	wordDisplayText: height = 0.05
50.0296 	EXP 	wordDisplayText: height = 0.05
50.0296 	EXP 	wordDisplayText: height = 0.05
50.0296 	EXP 	wordDisplayText: text = 'Where'
58.0058 	EXP 	wordDisplayText: autoDraw = True
62.0076 	EXP 	wordDisplayText: autoDraw = False
62.0076 	EXP 	wordDisplayText: autoDraw = False
62.0076 	EXP 	fixationCross: autoDraw = True
98.0099 	EXP 	New trial (rep=0, index=2): <Trial 2 (2 in rep 0) data={'word': 'What', 'marker': 3, 'keybind': 'c', 'thisN': 2, 'thisTrialN': 2, 'thisRepN': 0}>
98.0280 	EXP 	fixationCross: autoDraw = False
98.0280 	EXP 	wordDisplayText: height = 0.05
98.0280 	EXP 	wordDisplayText: height = 0.05
98.0280 	EXP 	wordDisplayText: height = 0.05
98.0280 	EXP 	wordDisplayText: text = 'Come'
106.0030 	EXP 	wordDisplayText: autoDraw = True
110.0182 	EXP 	wordDisplayText: autoDraw = False
110.0182 	EXP 	wordDisplayText: autoDraw = False
110.0182 	EXP 	fixationCross: autoDraw = True
146.0014 	EXP 	New trial (rep=0, index=3): <Trial 3 (3 in rep 0) data={'word': 'Who', 'marker': 4, 'keybind': 'd', 'thisN': 3, 'thisTrialN': 3, 'thisRepN': 0}>
146.0169 	EXP 	fixationCross: autoDraw = False
146.0169 	EXP 	wordDisplayText: height = 0.05
146.0169 	EXP 	wordDisplayText: height = 0.05
146.0169 	EXP 	wordDisplayText: height = 0.05
146.0169 	EXP 	wordDisplayText: text = 'Give'
154.0102 	EXP 	wordDisplayText: autoDraw = True
158.0071 	EXP 	wordDisplayText: autoDraw = False
158.0071 	EXP 	wordDisplayText: autoDraw = False
158.0071 	EXP 	fixationCross: autoDraw = True
193.9954 	EXP 	New trial (rep=0, index=4): <Trial 4 (4 in rep 0) data={'word': 'Help', 'marker': 5, 'keybind': 'e', 'thisN': 4, 'thisTrialN': 4, 'thisRepN': 0}>
194.0140 	EXP 	fixationCross: autoDraw = False
194.0140 	EXP 	fixationCross: autoDraw = False
194.0140 	EXP 	wordDisplayText: height = 0.05
194.0140 	EXP 	wordDisplayText: height = 0.05
194.0140 	EXP 	wordDisplayText: height = 0.05
194.0140 	EXP 	wordDisplayText: text = 'You'
202.0071 	EXP 	wordDisplayText: autoDraw = True
206.0245 	EXP 	wordDisplayText: autoDraw = False
206.0245 	EXP 	fixationCross: autoDraw = True
242.0090 	EXP 	New trial (rep=0, index=5): <Trial 5 (5 in rep 0) data={'word': 'You', 'marker': 6, 'keybind': 'f', 'thisN': 5, 'thisTrialN': 5, 'thisRepN': 0}>
242.0238 	EXP 	fixationCross: autoDraw = False
242.0238 	EXP 	wordDisplayText: height = 0.05
242.0238 	EXP 	wordDisplayText: height = 0.05
242.0238 	EXP 	wordDisplayText: height = 0.05
242.0238 	EXP 	wordDisplayText: text = 'In'
250.0155 	EXP 	wordDisplayText: autoDraw = True
254.0114 	EXP 	wordDisplayText: autoDraw = False
254.0114 	EXP 	wordDisplayText: autoDraw = False
254.0114 	EXP 	fixationCross: autoDraw = True
289.9996 	EXP 	New trial (rep=0, index=6): <Trial 6 (6 in rep 0) data={'word': 'Want', 'marker': 7, 'keybind': 'g', 'thisN': 6, 'thisTrialN': 6, 'thisRepN': 0}>
290.0155 	EXP 	fixationCross: autoDraw = False
290.0155 	EXP 	fixationCross: autoDraw = False
290.0155 	EXP 	wordDisplayText: height = 0.05
290.0155 	EXP 	wordDisplayText: height = 0.05
290.0155 	EXP 	wordDisplayText: height = 0.05
290.0155 	EXP 	wordDisplayText: text = 'Help'
298.0088 	EXP 	wordDisplayText: autoDraw = True
302.0091 	EXP 	wordDisplayText: autoDraw = False
302.0091 	EXP 	wordDisplayText: autoDraw = False
302.0091 	EXP 	fixationCross: autoDraw = True
337.9964 	EXP 	New trial (rep=0, index=7): <Trial 7 (7 in rep 0) data={'word': 'When', 'marker': 8, 'keybind': 'h', 'thisN': 7, 'thisTrialN': 7, 'thisRepN': 0}>
338.0147 	EXP 	fixationCross: autoDraw = False
338.0147 	EXP 	fixationCross: autoDraw = False
338.0147 	EXP 	wordDisplayText: height = 0.05
338.0147 	EXP 	wordDisplayText: height = 0.05
338.0147 	EXP 	wordDisplayText: height = 0.05
338.0147 	EXP 	wordDisplayText: text = 'No'
346.0058 	EXP 	wordDisplayText: autoDraw = True
350.0212 	EXP 	wordDisplayText: autoDraw = False
350.0212 	EXP 	fixationCross: autoDraw = True
386.0044 	EXP 	New trial (rep=0, index=8): <Trial 8 (8 in rep 0) data={'word': 'On', 'marker': 9, 'keybind': 'i', 'thisN': 8, 'thisTrialN': 8, 'thisRepN': 0}>
386.0199 	EXP 	fixationCross: autoDraw = False
386.0199 	EXP 	wordDisplayText: height = 0.05
386.0199 	EXP 	wordDisplayText: height = 0.05
386.0199 	EXP 	wordDisplayText: height = 0.05
386.0199 	EXP 	wordDisplayText: text = 'Get'
393.9970 	EXP 	wordDisplayText: autoDraw = True
397.9932 	EXP 	wordDisplayText: autoDraw = False
397.9932 	EXP 	wordDisplayText: autoDraw = False
398.0100 	EXP 	fixationCross: autoDraw = True
433.9980 	EXP 	New trial (rep=0, index=9): <Trial 9 (9 in rep 0) data={'word': 'Stop', 'marker': 10, 'keybind': 'j', 'thisN': 9, 'thisTrialN': 9, 'thisRepN': 0}>
434.0176 	EXP 	fixationCross: autoDraw = False
434.0176 	EXP 	fixationCross: autoDraw = False
434.0176 	EXP 	wordDisplayText: height = 0.05
434.0176 	EXP 	wordDisplayText: height = 0.05
434.0176 	EXP 	wordDisplayText: height = 0.05
434.0176 	EXP 	wordDisplayText: text = 'I'
440.6127 	DATA 	Keypress: escape
440.7800 	EXP 	data_collection: status = STOPPED
440.7946 	EXP 	data_collection: status = STOPPED
440.8104 	INFO 	saved data to 'C:\\Users\\User\\Desktop\\AI Work\\Year 3\\FYP\\FYP-Procedure\\psychopy\\data/178663_data_collection_2025-02-27_12h59.52.608.csv'
440.8117 	INFO 	saved data to C:\Users\User\Desktop\AI Work\Year 3\FYP\FYP-Procedure\psychopy\data/178663_data_collection_2025-02-27_12h59.52.608.psydat
