4.8307 	INFO 	Loaded monitor calibration from ['2025_02_20 13:57']
4.8399 	WARNING 	User requested fullscreen with size [2560 1440], but screen is actually [1920, 1080]. Using actual size
5.8906 	EXP 	Created window1 = Window(allowGUI=False, allowStencil=False, autoLog=True, backendConf=UNKNOWN, backgroundFit=<method-wrapper '__getattribute__' of attributeSetter object at 0x000002B8432FAB90>, backgroundImage=<method-wrapper '__getattribute__' of attributeSetter object at 0x000002B8432FAB30>, bitsMode=UNKNOWN, blendMode='avg', bpc=(8, 8, 8), color=array([0, 0, 0]), colorSpace='rgb', depthBits=8, fullscr=True, gamma=None, gammaErrorPolicy='raise', infoMsg=UNKNOWN, lms=UNKNOWN, monitor=<psychopy.monitors.calibTools.Monitor object at 0x000002B8434D4100>, multiSample=False, name='window1', numSamples=2, pos=[0.0, 0.0], screen=1, size=array([1920, 1080]), stencilBits=0, stereo=False, title='PsychoPy', units='height', useFBO=True, useRetina=False, viewOri=0.0, viewPos=None, viewScale=None, waitBlanking=True, winType='pyglet')
5.8908 	EXP 	window1: backgroundImage = ''
5.8908 	EXP 	window1: backgroundFit = 'none'
6.0296 	EXP 	window1: Attempting to measure frame rate of screen (1) ...
6.0296 	EXP 	window1: recordFrameIntervals = False
6.1856 	EXP 	window1: recordFrameIntervals = True
6.3688 	EXP 	Screen (1) actual frame rate measured at 60.17Hz
6.3688 	EXP 	window1: recordFrameIntervals = False
8.4950 	INFO 	keyboard.Keyboard is using iohub backend.
8.4950 	EXP 	data_collection: status = STARTED
8.5589 	EXP 	Created text = TextStim(__class__=<class 'psychopy.visual.text.TextStim'>, alignHoriz=method-wrapper(...), alignText='center', alignVert=method-wrapper(...), anchorHoriz='center', anchorVert='center', antialias=True, autoDraw=False, autoLog=True, bold=False, color=array([1., 1., 1.]), colorSpace='rgb', contrast=1.0, depth=0.0, draggable=False, flipHoriz=False, flipVert=False, font='Arial', fontFiles=[], height=0.05, italic=False, languageStyle='LTR', name='text', opacity=1, ori=0.0, pos=array([0., 0.]), rgb=UNKNOWN, text='Ajustment Period', units='height', win=Window(...), wrapWidth=1)
8.5750 	EXP 	Created wordDisplayText = TextStim(__class__=<class 'psychopy.visual.text.TextStim'>, alignHoriz=method-wrapper(...), alignText='center', alignVert=method-wrapper(...), anchorHoriz='center', anchorVert='center', antialias=True, autoDraw=False, autoLog=True, bold=False, color=array([1., 1., 1.]), colorSpace='rgb', contrast=1.0, depth=-1.0, draggable=False, flipHoriz=False, flipVert=False, font='Arial', fontFiles=[], height=0.05, italic=False, languageStyle='LTR', name='wordDisplayText', opacity=1, ori=0.0, pos=array([0., 0.]), rgb=UNKNOWN, text='', units='height', win=Window(...), wrapWidth=1)
8.5807 	EXP 	Created fixationCross = TextStim(__class__=<class 'psychopy.visual.text.TextStim'>, alignHoriz=method-wrapper(...), alignText='center', alignVert=method-wrapper(...), anchorHoriz='center', anchorVert='center', antialias=True, autoDraw=False, autoLog=True, bold=False, color=array([1., 1., 1.]), colorSpace='rgb', contrast=1.0, depth=0.0, draggable=False, flipHoriz=False, flipVert=False, font='Arial', fontFiles=[], height=0.05, italic=False, languageStyle='LTR', name='fixationCross', opacity=1, ori=0.0, pos=array([0., 0.]), rgb=UNKNOWN, text='+', units='height', win=Window(...), wrapWidth=1)
8.5853 	EXP 	Created placeholder_image = ImageStim(__class__=<class 'psychopy.visual.image.ImageStim'>, anchor=('center', 'center'), autoLog=True, color=array([1., 1., 1.]), colorSpace='rgb', contrast=1.0, depth=0.0, draggable=False, flipHoriz=False, flipVert=False, image='blank.png', interpolate=True, mask=None, maskParams=None, name='placeholder_image', opacity=1, ori=0.0, pos=array([0., 0.]), size=array([0.5, 0.5]), texRes=128.0, units='height', win=Window(...))
0.0144 	EXP 	text: autoDraw = True
10.0125 	EXP 	Imported words.csv as conditions, 20 conditions, 3 params
10.0129 	EXP 	New trial (rep=0, index=0): <Trial 0 (0 in rep 0) data={'word': 'I', 'marker': 1, 'keybind': 'a', 'thisN': 0, 'thisTrialN': 0, 'thisRepN': 0}>
10.0294 	DATA 	Keypress: d
10.0322 	EXP 	text: autoDraw = False
10.0322 	EXP 	wordDisplayText: height = 0.05
10.0322 	EXP 	wordDisplayText: height = 0.05
10.0322 	EXP 	wordDisplayText: height = 0.05
10.0322 	EXP 	wordDisplayText: text = 'Who'
10.0322 	EXP 	wordDisplayText: autoDraw = True
14.0201 	EXP 	wordDisplayText: autoDraw = False
14.0201 	EXP 	fixationCross: autoDraw = True
50.0412 	EXP 	fixationCross: autoDraw = False
50.0412 	EXP 	placeholder_image: autoDraw = True
57.0026 	DATA 	Keypress: escape
57.1356 	EXP 	data_collection: status = STOPPED
57.1515 	EXP 	placeholder_image: autoDraw = False
57.1516 	EXP 	data_collection: status = STOPPED
57.1539 	INFO 	saved data to 'C:\\Users\\User\\Desktop\\AI Work\\Year 3\\FYP\\FYP-Procedure\\psychopy\\data/232392_data_collection_2025-02-27_17h19.47.087.csv'
57.1550 	INFO 	saved data to C:\Users\User\Desktop\AI Work\Year 3\FYP\FYP-Procedure\psychopy\data/232392_data_collection_2025-02-27_17h19.47.087.psydat
