4.8266 	INFO 	Loaded monitor calibration from ['2025_02_20 13:57']
4.8454 	WARNING 	User requested fullscreen with size [2560 1440], but screen is actually [1920, 1080]. Using actual size
6.0543 	EXP 	Created window1 = Window(allowGUI=False, allowStencil=False, autoLog=True, backendConf=UNKNOWN, backgroundFit=<method-wrapper '__getattribute__' of attributeSetter object at 0x00000247C16A6230>, backgroundImage=<method-wrapper '__getattribute__' of attributeSetter object at 0x00000247C16A61D0>, bitsMode=UNKNOWN, blendMode='avg', bpc=(8, 8, 8), color=array([0, 0, 0]), colorSpace='rgb', depthBits=8, fullscr=True, gamma=None, gammaErrorPolicy='raise', infoMsg=UNKNOWN, lms=UNKNOWN, monitor=<psychopy.monitors.calibTools.Monitor object at 0x00000247C186F760>, multiSample=False, name='window1', numSamples=2, pos=[0.0, 0.0], screen=1, size=array([1920, 1080]), stencilBits=0, stereo=False, title='PsychoPy', units='height', useFBO=True, useRetina=False, viewOri=0.0, viewPos=None, viewScale=None, waitBlanking=True, winType='pyglet')
6.0545 	EXP 	window1: backgroundImage = ''
6.0545 	EXP 	window1: backgroundFit = 'none'
6.2149 	EXP 	window1: Attempting to measure frame rate of screen (1) ...
6.2150 	EXP 	window1: recordFrameIntervals = False
6.3767 	EXP 	window1: recordFrameIntervals = True
6.5603 	EXP 	Screen (1) actual frame rate measured at 59.96Hz
6.5603 	EXP 	window1: recordFrameIntervals = False
8.9007 	INFO 	keyboard.Keyboard is using iohub backend.
8.9008 	EXP 	data_collection: status = STARTED
8.9692 	EXP 	Created text = TextStim(__class__=<class 'psychopy.visual.text.TextStim'>, alignHoriz=method-wrapper(...), alignText='center', alignVert=method-wrapper(...), anchorHoriz='center', anchorVert='center', antialias=True, autoDraw=False, autoLog=True, bold=False, color=array([1., 1., 1.]), colorSpace='rgb', contrast=1.0, depth=0.0, draggable=False, flipHoriz=False, flipVert=False, font='Arial', fontFiles=[], height=0.05, italic=False, languageStyle='LTR', name='text', opacity=1, ori=0.0, pos=array([0., 0.]), rgb=UNKNOWN, text='Adjustment Period', units='height', win=Window(...), wrapWidth=1)
8.9754 	EXP 	Created fixationCross_2 = TextStim(__class__=<class 'psychopy.visual.text.TextStim'>, alignHoriz=method-wrapper(...), alignText='center', alignVert=method-wrapper(...), anchorHoriz='center', anchorVert='center', antialias=True, autoDraw=False, autoLog=True, bold=False, color=array([1., 1., 1.]), colorSpace='rgb', contrast=1.0, depth=0.0, draggable=False, flipHoriz=False, flipVert=False, font='Arial', fontFiles=[], height=0.05, italic=False, languageStyle='LTR', name='fixationCross_2', opacity=1, ori=0.0, pos=array([0., 0.]), rgb=UNKNOWN, text='x', units='height', win=Window(...), wrapWidth=1)
8.9969 	EXP 	Created wordDisplayText = TextStim(__class__=<class 'psychopy.visual.text.TextStim'>, alignHoriz=method-wrapper(...), alignText='center', alignVert=method-wrapper(...), anchorHoriz='center', anchorVert='center', antialias=True, autoDraw=False, autoLog=True, bold=False, color=array([1., 1., 1.]), colorSpace='rgb', contrast=1.0, depth=-1.0, draggable=False, flipHoriz=False, flipVert=False, font='Arial', fontFiles=[], height=0.05, italic=False, languageStyle='LTR', name='wordDisplayText', opacity=1, ori=0.0, pos=array([0., 0.]), rgb=UNKNOWN, text='', units='height', win=Window(...), wrapWidth=1)
9.0011 	EXP 	Created fixationCross = TextStim(__class__=<class 'psychopy.visual.text.TextStim'>, alignHoriz=method-wrapper(...), alignText='center', alignVert=method-wrapper(...), anchorHoriz='center', anchorVert='center', antialias=True, autoDraw=False, autoLog=True, bold=False, color=array([1., 1., 1.]), colorSpace='rgb', contrast=1.0, depth=0.0, draggable=False, flipHoriz=False, flipVert=False, font='Arial', fontFiles=[], height=0.05, italic=False, languageStyle='LTR', name='fixationCross', opacity=1, ori=0.0, pos=array([0., 0.]), rgb=UNKNOWN, text='+', units='height', win=Window(...), wrapWidth=1)
9.0052 	EXP 	Created placeholder_image = ImageStim(__class__=<class 'psychopy.visual.image.ImageStim'>, anchor=('center', 'center'), autoLog=True, color=array([1., 1., 1.]), colorSpace='rgb', contrast=1.0, depth=0.0, draggable=False, flipHoriz=False, flipVert=False, image='blank.png', interpolate=True, mask=None, maskParams=None, name='placeholder_image', opacity=1, ori=0.0, pos=array([0., 0.]), size=array([0.5, 0.5]), texRes=128.0, units='height', win=Window(...))
0.0189 	EXP 	text: autoDraw = True
10.0167 	EXP 	Imported words.csv as conditions, 20 conditions, 3 params
10.0171 	EXP 	New trial (rep=0, index=0): <Trial 0 (0 in rep 0) data={'word': 'I', 'marker': 1, 'keybind': 'a', 'thisN': 0, 'thisTrialN': 0, 'thisRepN': 0}>
10.0277 	EXP 	text: autoDraw = False
10.0277 	EXP 	fixationCross_2: autoDraw = True
12.0212 	DATA 	Keypress: q
12.0270 	EXP 	fixationCross_2: autoDraw = False
12.0270 	EXP 	wordDisplayText: height = 0.05
12.0270 	EXP 	wordDisplayText: height = 0.05
12.0270 	EXP 	wordDisplayText: height = 0.05
12.0270 	EXP 	wordDisplayText: text = 'Put'
12.0270 	EXP 	wordDisplayText: autoDraw = True
16.0228 	EXP 	wordDisplayText: autoDraw = False
16.0228 	EXP 	fixationCross: autoDraw = True
52.0471 	EXP 	fixationCross: autoDraw = False
52.0471 	EXP 	placeholder_image: autoDraw = True
60.0036 	EXP 	New trial (rep=0, index=1): <Trial 1 (1 in rep 0) data={'word': 'More', 'marker': 2, 'keybind': 'b', 'thisN': 1, 'thisTrialN': 1, 'thisRepN': 0}>
60.0202 	EXP 	placeholder_image: autoDraw = False
60.0202 	EXP 	fixationCross_2: autoDraw = True
62.0100 	DATA 	Keypress: o
62.0184 	EXP 	fixationCross_2: autoDraw = False
62.0184 	EXP 	wordDisplayText: height = 0.05
62.0184 	EXP 	wordDisplayText: height = 0.05
62.0184 	EXP 	wordDisplayText: height = 0.05
62.0184 	EXP 	wordDisplayText: text = 'Give'
62.0184 	EXP 	wordDisplayText: autoDraw = True
66.0315 	EXP 	wordDisplayText: autoDraw = False
66.0315 	EXP 	fixationCross: autoDraw = True
102.0188 	EXP 	fixationCross: autoDraw = False
102.0188 	EXP 	placeholder_image: autoDraw = True
110.0124 	EXP 	New trial (rep=0, index=2): <Trial 2 (2 in rep 0) data={'word': 'What', 'marker': 3, 'keybind': 'c', 'thisN': 2, 'thisTrialN': 2, 'thisRepN': 0}>
110.0288 	EXP 	placeholder_image: autoDraw = False
110.0288 	EXP 	fixationCross_2: autoDraw = True
112.0184 	DATA 	Keypress: p
112.0273 	EXP 	fixationCross_2: autoDraw = False
112.0273 	EXP 	wordDisplayText: height = 0.05
112.0273 	EXP 	wordDisplayText: height = 0.05
112.0273 	EXP 	wordDisplayText: height = 0.05
112.0273 	EXP 	wordDisplayText: text = 'No'
112.0273 	EXP 	wordDisplayText: autoDraw = True
116.0240 	EXP 	wordDisplayText: autoDraw = False
116.0240 	EXP 	fixationCross: autoDraw = True
146.4837 	DATA 	Keypress: escape
146.6495 	EXP 	data_collection: status = STOPPED
146.6658 	EXP 	fixationCross: autoDraw = False
146.6659 	EXP 	data_collection: status = STOPPED
146.6692 	INFO 	saved data to 'C:\\Users\\User\\Desktop\\AI Work\\Year 3\\FYP\\FYP-Procedure\\psychopy\\data/324585_data_collection_2025-03-14_10h41.43.619.csv'
146.6712 	INFO 	saved data to C:\Users\User\Desktop\AI Work\Year 3\FYP\FYP-Procedure\psychopy\data/324585_data_collection_2025-03-14_10h41.43.619.psydat
