9.4050 	INFO 	Loaded monitor calibration from ['2025_02_20 13:57']
9.4200 	WARNING 	User requested fullscreen with size [2560 1440], but screen is actually [1920, 1080]. Using actual size
10.5368 	EXP 	Created window1 = Window(allowGUI=False, allowStencil=False, autoLog=True, backendConf=UNKNOWN, backgroundFit=<method-wrapper '__getattribute__' of attributeSetter object at 0x0000013558B16290>, backgroundImage=<method-wrapper '__getattribute__' of attributeSetter object at 0x0000013558B16230>, bitsMode=UNKNOWN, blendMode='avg', bpc=(8, 8, 8), color=array([0, 0, 0]), colorSpace='rgb', depthBits=8, fullscr=True, gamma=None, gammaErrorPolicy='raise', infoMsg=UNKNOWN, lms=UNKNOWN, monitor=<psychopy.monitors.calibTools.Monitor object at 0x0000013558CDF7C0>, multiSample=False, name='window1', numSamples=2, pos=[0.0, 0.0], screen=1, size=array([1920, 1080]), stencilBits=0, stereo=False, title='PsychoPy', units='height', useFBO=True, useRetina=False, viewOri=0.0, viewPos=None, viewScale=None, waitBlanking=True, winType='pyglet')
10.5369 	EXP 	window1: backgroundImage = ''
10.5369 	EXP 	window1: backgroundFit = 'none'
10.6683 	EXP 	window1: Attempting to measure frame rate of screen (1) ...
10.6683 	EXP 	window1: recordFrameIntervals = False
10.8285 	EXP 	window1: recordFrameIntervals = True
11.0121 	EXP 	Screen (1) actual frame rate measured at 59.89Hz
11.0121 	EXP 	window1: recordFrameIntervals = False
13.3757 	INFO 	keyboard.Keyboard is using iohub backend.
13.3757 	EXP 	data_collection: status = STARTED
13.4473 	EXP 	Created text = TextStim(__class__=<class 'psychopy.visual.text.TextStim'>, alignHoriz=method-wrapper(...), alignText='center', alignVert=method-wrapper(...), anchorHoriz='center', anchorVert='center', antialias=True, autoDraw=False, autoLog=True, bold=False, color=array([1., 1., 1.]), colorSpace='rgb', contrast=1.0, depth=0.0, draggable=False, flipHoriz=False, flipVert=False, font='Arial', fontFiles=[], height=0.05, italic=False, languageStyle='LTR', name='text', opacity=1, ori=0.0, pos=array([0., 0.]), rgb=UNKNOWN, text='Adjustment Period', units='height', win=Window(...), wrapWidth=1)
13.4518 	EXP 	Created fixationCross_2 = TextStim(__class__=<class 'psychopy.visual.text.TextStim'>, alignHoriz=method-wrapper(...), alignText='center', alignVert=method-wrapper(...), anchorHoriz='center', anchorVert='center', antialias=True, autoDraw=False, autoLog=True, bold=False, color=array([1., 1., 1.]), colorSpace='rgb', contrast=1.0, depth=0.0, draggable=False, flipHoriz=False, flipVert=False, font='Arial', fontFiles=[], height=0.05, italic=False, languageStyle='LTR', name='fixationCross_2', opacity=1, ori=0.0, pos=array([0., 0.]), rgb=UNKNOWN, text='x', units='height', win=Window(...), wrapWidth=1)
13.4749 	EXP 	Created wordDisplayText = TextStim(__class__=<class 'psychopy.visual.text.TextStim'>, alignHoriz=method-wrapper(...), alignText='center', alignVert=method-wrapper(...), anchorHoriz='center', anchorVert='center', antialias=True, autoDraw=False, autoLog=True, bold=False, color=array([1., 1., 1.]), colorSpace='rgb', contrast=1.0, depth=-1.0, draggable=False, flipHoriz=False, flipVert=False, font='Arial', fontFiles=[], height=0.05, italic=False, languageStyle='LTR', name='wordDisplayText', opacity=1, ori=0.0, pos=array([0., 0.]), rgb=UNKNOWN, text='', units='height', win=Window(...), wrapWidth=1)
13.4795 	EXP 	Created fixationCross = TextStim(__class__=<class 'psychopy.visual.text.TextStim'>, alignHoriz=method-wrapper(...), alignText='center', alignVert=method-wrapper(...), anchorHoriz='center', anchorVert='center', antialias=True, autoDraw=False, autoLog=True, bold=False, color=array([1., 1., 1.]), colorSpace='rgb', contrast=1.0, depth=0.0, draggable=False, flipHoriz=False, flipVert=False, font='Arial', fontFiles=[], height=0.05, italic=False, languageStyle='LTR', name='fixationCross', opacity=1, ori=0.0, pos=array([0., 0.]), rgb=UNKNOWN, text='+', units='height', win=Window(...), wrapWidth=1)
13.4859 	EXP 	Created placeholder_image = ImageStim(__class__=<class 'psychopy.visual.image.ImageStim'>, anchor=('center', 'center'), autoLog=True, color=array([1., 1., 1.]), colorSpace='rgb', contrast=1.0, depth=0.0, draggable=False, flipHoriz=False, flipVert=False, image='blank.png', interpolate=True, mask=None, maskParams=None, name='placeholder_image', opacity=1, ori=0.0, pos=array([0., 0.]), size=array([0.5, 0.5]), texRes=128.0, units='height', win=Window(...))
0.0229 	EXP 	text: autoDraw = True
10.0204 	EXP 	Imported words.csv as conditions, 20 conditions, 3 params
10.0207 	EXP 	New trial (rep=0, index=0): <Trial 0 (0 in rep 0) data={'word': 'I', 'marker': 1, 'keybind': 'a', 'thisN': 0, 'thisTrialN': 0, 'thisRepN': 0}>
10.0322 	EXP 	text: autoDraw = False
10.0322 	EXP 	fixationCross_2: autoDraw = True
12.0622 	DATA 	Keypress: o
12.0651 	EXP 	fixationCross_2: autoDraw = False
12.0651 	EXP 	wordDisplayText: height = 0.05
12.0651 	EXP 	wordDisplayText: height = 0.05
12.0651 	EXP 	wordDisplayText: height = 0.05
12.0651 	EXP 	wordDisplayText: text = 'Give'
12.0651 	EXP 	wordDisplayText: autoDraw = True
16.0271 	EXP 	wordDisplayText: autoDraw = False
16.0271 	EXP 	fixationCross: autoDraw = True
52.0520 	EXP 	fixationCross: autoDraw = False
52.0520 	EXP 	placeholder_image: autoDraw = True
60.0080 	EXP 	New trial (rep=0, index=1): <Trial 1 (1 in rep 0) data={'word': 'More', 'marker': 2, 'keybind': 'b', 'thisN': 1, 'thisTrialN': 1, 'thisRepN': 0}>
60.0244 	EXP 	placeholder_image: autoDraw = False
60.0244 	EXP 	fixationCross_2: autoDraw = True
62.0140 	DATA 	Keypress: b
62.0228 	EXP 	fixationCross_2: autoDraw = False
62.0228 	EXP 	wordDisplayText: height = 0.05
62.0228 	EXP 	wordDisplayText: height = 0.05
62.0228 	EXP 	wordDisplayText: height = 0.05
62.0228 	EXP 	wordDisplayText: text = 'More'
62.0228 	EXP 	wordDisplayText: autoDraw = True
66.0196 	EXP 	wordDisplayText: autoDraw = False
66.0196 	EXP 	fixationCross: autoDraw = True
102.0232 	EXP 	fixationCross: autoDraw = False
102.0232 	EXP 	placeholder_image: autoDraw = True
110.0169 	EXP 	New trial (rep=0, index=2): <Trial 2 (2 in rep 0) data={'word': 'What', 'marker': 3, 'keybind': 'c', 'thisN': 2, 'thisTrialN': 2, 'thisRepN': 0}>
110.0334 	EXP 	placeholder_image: autoDraw = False
110.0334 	EXP 	fixationCross_2: autoDraw = True
112.0234 	DATA 	Keypress: p
112.0317 	EXP 	fixationCross_2: autoDraw = False
112.0317 	EXP 	wordDisplayText: height = 0.05
112.0317 	EXP 	wordDisplayText: height = 0.05
112.0317 	EXP 	wordDisplayText: height = 0.05
112.0317 	EXP 	wordDisplayText: text = 'No'
112.0317 	EXP 	wordDisplayText: autoDraw = True
116.0284 	EXP 	wordDisplayText: autoDraw = False
116.0284 	EXP 	fixationCross: autoDraw = True
117.2290 	DATA 	Keypress: escape
117.3446 	EXP 	data_collection: status = STOPPED
117.3606 	EXP 	fixationCross: autoDraw = False
117.3607 	EXP 	data_collection: status = STOPPED
117.3636 	INFO 	saved data to 'C:\\Users\\User\\Desktop\\AI Work\\Year 3\\FYP\\FYP-Procedure\\psychopy\\data/358032_data_collection_2025-03-12_14h23.52.081.csv'
117.3652 	INFO 	saved data to C:\Users\User\Desktop\AI Work\Year 3\FYP\FYP-Procedure\psychopy\data/358032_data_collection_2025-03-12_14h23.52.081.psydat
