7.5118 	INFO 	Loaded monitor calibration from ['2025_02_20 13:57']
7.5182 	WARNING 	Requested an unavailable screen number - using first available.
7.5266 	WARNING 	User requested fullscreen with size [2560 1440], but screen is actually [1920, 1080]. Using actual size
8.8512 	EXP 	Created window1 = Window(allowGUI=False, allowStencil=False, autoLog=True, backendConf=UNKNOWN, backgroundFit=<method-wrapper '__getattribute__' of attributeSetter object at 0x000001BF495B5F60>, backgroundImage=<method-wrapper '__getattribute__' of attributeSetter object at 0x000001BF495B5F00>, bitsMode=UNKNOWN, blendMode='avg', bpc=(8, 8, 8), color=array([0, 0, 0]), colorSpace='rgb', depthBits=8, fullscr=True, gamma=None, gammaErrorPolicy='raise', infoMsg=UNKNOWN, lms=UNKNOWN, monitor=<psychopy.monitors.calibTools.Monitor object at 0x000001BF49777490>, multiSample=False, name='window1', numSamples=2, pos=[0.0, 0.0], screen=1, size=array([1920, 1080]), stencilBits=0, stereo=False, title='PsychoPy', units='height', useFBO=True, useRetina=False, viewOri=0.0, viewPos=None, viewScale=None, waitBlanking=True, winType='pyglet')
8.8512 	EXP 	window1: backgroundImage = ''
8.8512 	EXP 	window1: backgroundFit = 'none'
8.9971 	EXP 	window1: Attempting to measure frame rate of screen (1) ...
8.9971 	EXP 	window1: recordFrameIntervals = False
9.1437 	EXP 	window1: recordFrameIntervals = True
9.3274 	EXP 	Screen (1) actual frame rate measured at 59.95Hz
9.3275 	EXP 	window1: recordFrameIntervals = False
11.5427 	INFO 	keyboard.Keyboard is using iohub backend.
11.5427 	EXP 	data_collection: status = STARTED
11.6268 	EXP 	Created text = TextStim(__class__=<class 'psychopy.visual.text.TextStim'>, alignHoriz=method-wrapper(...), alignText='center', alignVert=method-wrapper(...), anchorHoriz='center', anchorVert='center', antialias=True, autoDraw=False, autoLog=True, bold=False, color=array([1., 1., 1.]), colorSpace='rgb', contrast=1.0, depth=-1.0, draggable=False, flipHoriz=False, flipVert=False, font='Arial', fontFiles=[], height=0.05, italic=False, languageStyle='LTR', name='text', opacity=1, ori=0.0, pos=array([0., 0.]), rgb=UNKNOWN, text='Ajustment Period', units='height', win=Window(...), wrapWidth=1)
11.6429 	EXP 	Created wordDisplayText = TextStim(__class__=<class 'psychopy.visual.text.TextStim'>, alignHoriz=method-wrapper(...), alignText='center', alignVert=method-wrapper(...), anchorHoriz='center', anchorVert='center', antialias=True, autoDraw=False, autoLog=True, bold=False, color=array([1., 1., 1.]), colorSpace='rgb', contrast=1.0, depth=-1.0, draggable=False, flipHoriz=False, flipVert=False, font='Arial', fontFiles=[], height=0.05, italic=False, languageStyle='LTR', name='wordDisplayText', opacity=1, ori=0.0, pos=array([0., 0.]), rgb=UNKNOWN, text='', units='height', win=Window(...), wrapWidth=1)
11.6476 	EXP 	Created fixationCross = TextStim(__class__=<class 'psychopy.visual.text.TextStim'>, alignHoriz=method-wrapper(...), alignText='center', alignVert=method-wrapper(...), anchorHoriz='center', anchorVert='center', antialias=True, autoDraw=False, autoLog=True, bold=False, color=array([1., 1., 1.]), colorSpace='rgb', contrast=1.0, depth=0.0, draggable=False, flipHoriz=False, flipVert=False, font='Arial', fontFiles=[], height=0.05, italic=False, languageStyle='LTR', name='fixationCross', opacity=1, ori=0.0, pos=array([0., 0.]), rgb=UNKNOWN, text='+', units='height', win=Window(...), wrapWidth=1)
0.0016 	DATA 	Keypress: lalt
0.0181 	DATA 	Keypress: z
0.0279 	EXP 	text: autoDraw = True
0.6786 	DATA 	Keypress: lalt
10.0116 	EXP 	Imported words.csv as conditions, 1 conditions, 3 params
10.0118 	EXP 	New trial (rep=0, index=0): <Trial 0 (0 in rep 0) data={'word': 'I', 'marker': 1, 'keybind': 'a', 'thisN': 0, 'thisTrialN': 0, 'thisRepN': 0}>
10.0257 	EXP 	text: autoDraw = False
10.0257 	EXP 	wordDisplayText: height = 0.05
10.0257 	EXP 	wordDisplayText: height = 0.05
10.0257 	EXP 	wordDisplayText: height = 0.05
10.0257 	EXP 	wordDisplayText: text = 'I'
10.0257 	EXP 	wordDisplayText: autoDraw = True
13.0018 	DATA 	Keypress: lalt
14.0220 	EXP 	wordDisplayText: autoDraw = False
14.0220 	EXP 	fixationCross: autoDraw = True
24.0756 	DATA 	Keypress: escape
24.2250 	EXP 	data_collection: status = STOPPED
24.2408 	EXP 	fixationCross: autoDraw = False
24.2410 	EXP 	data_collection: status = STOPPED
24.2434 	INFO 	saved data to 'C:\\Users\\User\\Desktop\\AI Work\\Year 3\\FYP\\FYP-Procedure\\psychopy\\data/365914_data_collection_2025-02-26_16h00.50.689.csv'
24.2445 	INFO 	saved data to C:\Users\User\Desktop\AI Work\Year 3\FYP\FYP-Procedure\psychopy\data/365914_data_collection_2025-02-26_16h00.50.689.psydat
