8.0425 	INFO 	Loaded monitor calibration from ['2025_02_20 13:57']
8.0469 	WARNING 	Requested an unavailable screen number - using first available.
8.0513 	WARNING 	User requested fullscreen with size [2560 1440], but screen is actually [1920, 1080]. Using actual size
9.4837 	EXP 	Created window1 = Window(allowGUI=False, allowStencil=False, autoLog=True, backendConf=UNKNOWN, backgroundFit=<method-wrapper '__getattribute__' of attributeSetter object at 0x000001C4270B9D20>, backgroundImage=<method-wrapper '__getattribute__' of attributeSetter object at 0x000001C4270B9CC0>, bitsMode=UNKNOWN, blendMode='avg', bpc=(8, 8, 8), color=array([0, 0, 0]), colorSpace='rgb', depthBits=8, fullscr=True, gamma=None, gammaErrorPolicy='raise', infoMsg=UNKNOWN, lms=UNKNOWN, monitor=<psychopy.monitors.calibTools.Monitor object at 0x000001C427277250>, multiSample=False, name='window1', numSamples=2, pos=[0.0, 0.0], screen=1, size=array([1920, 1080]), stencilBits=0, stereo=False, title='PsychoPy', units='height', useFBO=True, useRetina=False, viewOri=0.0, viewPos=None, viewScale=None, waitBlanking=True, winType='pyglet')
9.4838 	EXP 	window1: backgroundImage = ''
9.4838 	EXP 	window1: backgroundFit = 'none'
9.6318 	EXP 	window1: Attempting to measure frame rate of screen (1) ...
9.6319 	EXP 	window1: recordFrameIntervals = False
9.8001 	EXP 	window1: recordFrameIntervals = True
9.9834 	EXP 	Screen (1) actual frame rate measured at 60.06Hz
9.9834 	EXP 	window1: recordFrameIntervals = False
12.5026 	INFO 	keyboard.Keyboard is using iohub backend.
12.5026 	EXP 	data_collection: status = STARTED
12.5794 	EXP 	Created text = TextStim(__class__=<class 'psychopy.visual.text.TextStim'>, alignHoriz=method-wrapper(...), alignText='center', alignVert=method-wrapper(...), anchorHoriz='center', anchorVert='center', antialias=True, autoDraw=False, autoLog=True, bold=False, color=array([1., 1., 1.]), colorSpace='rgb', contrast=1.0, depth=0.0, draggable=False, flipHoriz=False, flipVert=False, font='Arial', fontFiles=[], height=0.05, italic=False, languageStyle='LTR', name='text', opacity=1, ori=0.0, pos=array([0., 0.]), rgb=UNKNOWN, text='Ajustment Period', units='height', win=Window(...), wrapWidth=1)
12.6067 	EXP 	Created wordDisplayText = TextStim(__class__=<class 'psychopy.visual.text.TextStim'>, alignHoriz=method-wrapper(...), alignText='center', alignVert=method-wrapper(...), anchorHoriz='center', anchorVert='center', antialias=True, autoDraw=False, autoLog=True, bold=False, color=array([1., 1., 1.]), colorSpace='rgb', contrast=1.0, depth=-1.0, draggable=False, flipHoriz=False, flipVert=False, font='Arial', fontFiles=[], height=0.05, italic=False, languageStyle='LTR', name='wordDisplayText', opacity=1, ori=0.0, pos=array([0., 0.]), rgb=UNKNOWN, text='', units='height', win=Window(...), wrapWidth=1)
12.6124 	EXP 	Created fixationCross = TextStim(__class__=<class 'psychopy.visual.text.TextStim'>, alignHoriz=method-wrapper(...), alignText='center', alignVert=method-wrapper(...), anchorHoriz='center', anchorVert='center', antialias=True, autoDraw=False, autoLog=True, bold=False, color=array([1., 1., 1.]), colorSpace='rgb', contrast=1.0, depth=0.0, draggable=False, flipHoriz=False, flipVert=False, font='Arial', fontFiles=[], height=0.05, italic=False, languageStyle='LTR', name='fixationCross', opacity=1, ori=0.0, pos=array([0., 0.]), rgb=UNKNOWN, text='+', units='height', win=Window(...), wrapWidth=1)
0.1150 	DATA 	Keypress: lalt
0.1428 	EXP 	text: autoDraw = True
0.5194 	DATA 	Keypress: lalt
10.0157 	EXP 	Imported words.csv as conditions, 1 conditions, 3 params
10.0159 	EXP 	New trial (rep=0, index=0): <Trial 0 (0 in rep 0) data={'word': 'I', 'marker': 1, 'keybind': 'a', 'thisN': 0, 'thisTrialN': 0, 'thisRepN': 0}>
10.0269 	EXP 	text: autoDraw = False
10.0269 	EXP 	wordDisplayText: height = 0.05
10.0269 	EXP 	wordDisplayText: height = 0.05
10.0269 	EXP 	wordDisplayText: height = 0.05
10.0269 	EXP 	wordDisplayText: text = 'I'
10.0269 	EXP 	wordDisplayText: autoDraw = True
14.0280 	EXP 	wordDisplayText: autoDraw = False
14.0280 	EXP 	fixationCross: autoDraw = True
22.0018 	DATA 	Keypress: escape
22.1341 	EXP 	data_collection: status = STOPPED
22.1502 	EXP 	fixationCross: autoDraw = False
22.1502 	EXP 	data_collection: status = STOPPED
22.1524 	INFO 	saved data to 'C:\\Users\\User\\Desktop\\AI Work\\Year 3\\FYP\\FYP-Procedure\\psychopy\\data/480234_data_collection_2025-02-26_16h03.33.043.csv'
22.1533 	INFO 	saved data to C:\Users\User\Desktop\AI Work\Year 3\FYP\FYP-Procedure\psychopy\data/480234_data_collection_2025-02-26_16h03.33.043.psydat
