5.6857 	INFO 	Loaded monitor calibration from ['2025_02_20 13:57']
5.6971 	WARNING 	Requested an unavailable screen number - using first available.
5.7044 	WARNING 	User requested fullscreen with size [2560 1440], but screen is actually [1920, 1080]. Using actual size
7.1257 	EXP 	Created window1 = Window(allowGUI=False, allowStencil=False, autoLog=True, backendConf=UNKNOWN, backgroundFit=<method-wrapper '__getattribute__' of attributeSetter object at 0x00000196EF9A2290>, backgroundImage=<method-wrapper '__getattribute__' of attributeSetter object at 0x00000196EF9A2230>, bitsMode=UNKNOWN, blendMode='avg', bpc=(8, 8, 8), color=array([0, 0, 0]), colorSpace='rgb', depthBits=8, fullscr=True, gamma=None, gammaErrorPolicy='raise', infoMsg=UNKNOWN, lms=UNKNOWN, monitor=<psychopy.monitors.calibTools.Monitor object at 0x00000196EFB6F7C0>, multiSample=False, name='window1', numSamples=2, pos=[0.0, 0.0], screen=1, size=array([1920, 1080]), stencilBits=0, stereo=False, title='PsychoPy', units='height', useFBO=True, useRetina=False, viewOri=0.0, viewPos=None, viewScale=None, waitBlanking=True, winType='pyglet')
7.1258 	EXP 	window1: backgroundImage = ''
7.1258 	EXP 	window1: backgroundFit = 'none'
7.2759 	EXP 	window1: Attempting to measure frame rate of screen (1) ...
7.2760 	EXP 	window1: recordFrameIntervals = False
7.4302 	EXP 	window1: recordFrameIntervals = True
7.6133 	EXP 	Screen (1) actual frame rate measured at 60.10Hz
7.6134 	EXP 	window1: recordFrameIntervals = False
10.0317 	INFO 	keyboard.Keyboard is using iohub backend.
10.0318 	EXP 	data_collection: status = STARTED
10.1012 	EXP 	Created text = TextStim(__class__=<class 'psychopy.visual.text.TextStim'>, alignHoriz=method-wrapper(...), alignText='center', alignVert=method-wrapper(...), anchorHoriz='center', anchorVert='center', antialias=True, autoDraw=False, autoLog=True, bold=False, color=array([1., 1., 1.]), colorSpace='rgb', contrast=1.0, depth=0.0, draggable=False, flipHoriz=False, flipVert=False, font='Arial', fontFiles=[], height=0.05, italic=False, languageStyle='LTR', name='text', opacity=1, ori=0.0, pos=array([0., 0.]), rgb=UNKNOWN, text='Adjustment Period', units='height', win=Window(...), wrapWidth=1)
10.1050 	EXP 	Created fixationCross_2 = TextStim(__class__=<class 'psychopy.visual.text.TextStim'>, alignHoriz=method-wrapper(...), alignText='center', alignVert=method-wrapper(...), anchorHoriz='center', anchorVert='center', antialias=True, autoDraw=False, autoLog=True, bold=False, color=array([1., 1., 1.]), colorSpace='rgb', contrast=1.0, depth=0.0, draggable=False, flipHoriz=False, flipVert=False, font='Arial', fontFiles=[], height=0.05, italic=False, languageStyle='LTR', name='fixationCross_2', opacity=1, ori=0.0, pos=array([0., 0.]), rgb=UNKNOWN, text='+', units='height', win=Window(...), wrapWidth=1)
10.1245 	EXP 	Created wordDisplayText = TextStim(__class__=<class 'psychopy.visual.text.TextStim'>, alignHoriz=method-wrapper(...), alignText='center', alignVert=method-wrapper(...), anchorHoriz='center', anchorVert='center', antialias=True, autoDraw=False, autoLog=True, bold=False, color=array([1., 1., 1.]), colorSpace='rgb', contrast=1.0, depth=-1.0, draggable=False, flipHoriz=False, flipVert=False, font='Arial', fontFiles=[], height=0.05, italic=False, languageStyle='LTR', name='wordDisplayText', opacity=1, ori=0.0, pos=array([0., 0.]), rgb=UNKNOWN, text='', units='height', win=Window(...), wrapWidth=1)
10.1267 	EXP 	Created fixationCross = TextStim(__class__=<class 'psychopy.visual.text.TextStim'>, alignHoriz=method-wrapper(...), alignText='center', alignVert=method-wrapper(...), anchorHoriz='center', anchorVert='center', antialias=True, autoDraw=False, autoLog=True, bold=False, color=array([1., 1., 1.]), colorSpace='rgb', contrast=1.0, depth=0.0, draggable=False, flipHoriz=False, flipVert=False, font='Arial', fontFiles=[], height=0.05, italic=False, languageStyle='LTR', name='fixationCross', opacity=1, ori=0.0, pos=array([0., 0.]), rgb=UNKNOWN, text='+', units='height', win=Window(...), wrapWidth=1)
10.1319 	EXP 	Created placeholder_image = ImageStim(__class__=<class 'psychopy.visual.image.ImageStim'>, anchor=('center', 'center'), autoLog=True, color=array([1., 1., 1.]), colorSpace='rgb', contrast=1.0, depth=0.0, draggable=False, flipHoriz=False, flipVert=False, image='blank.png', interpolate=True, mask=None, maskParams=None, name='placeholder_image', opacity=1, ori=0.0, pos=array([0., 0.]), size=array([0.5, 0.5]), texRes=128.0, units='height', win=Window(...))
0.0047 	EXP 	text: autoDraw = True
9.9937 	EXP 	Imported words.csv as conditions, 20 conditions, 3 params
9.9940 	EXP 	New trial (rep=0, index=0): <Trial 0 (0 in rep 0) data={'word': 'I', 'marker': 1, 'keybind': 'a', 'thisN': 0, 'thisTrialN': 0, 'thisRepN': 0}>
10.0045 	EXP 	text: autoDraw = False
10.0045 	EXP 	text: autoDraw = False
10.0045 	EXP 	fixationCross_2: autoDraw = True
12.0444 	DATA 	Keypress: d
12.0462 	EXP 	fixationCross_2: autoDraw = False
12.0462 	EXP 	wordDisplayText: height = 0.05
12.0462 	EXP 	wordDisplayText: height = 0.05
12.0462 	EXP 	wordDisplayText: height = 0.05
12.0462 	EXP 	wordDisplayText: text = 'Who'
12.0462 	EXP 	wordDisplayText: autoDraw = True
16.0330 	EXP 	wordDisplayText: autoDraw = False
16.0330 	EXP 	fixationCross: autoDraw = True
52.0328 	EXP 	fixationCross: autoDraw = False
52.0328 	EXP 	placeholder_image: autoDraw = True
60.0141 	EXP 	New trial (rep=0, index=1): <Trial 1 (1 in rep 0) data={'word': 'More', 'marker': 2, 'keybind': 'b', 'thisN': 1, 'thisTrialN': 1, 'thisRepN': 0}>
60.0303 	EXP 	placeholder_image: autoDraw = False
60.0303 	EXP 	fixationCross_2: autoDraw = True
62.0200 	DATA 	Keypress: k
62.0284 	EXP 	fixationCross_2: autoDraw = False
62.0284 	EXP 	wordDisplayText: height = 0.05
62.0284 	EXP 	wordDisplayText: height = 0.05
62.0284 	EXP 	wordDisplayText: height = 0.05
62.0284 	EXP 	wordDisplayText: text = 'Yes'
62.0284 	EXP 	wordDisplayText: autoDraw = True
66.0253 	EXP 	wordDisplayText: autoDraw = False
66.0253 	EXP 	fixationCross: autoDraw = True
102.0293 	EXP 	fixationCross: autoDraw = False
102.0293 	EXP 	placeholder_image: autoDraw = True
110.0064 	EXP 	New trial (rep=0, index=2): <Trial 2 (2 in rep 0) data={'word': 'What', 'marker': 3, 'keybind': 'c', 'thisN': 2, 'thisTrialN': 2, 'thisRepN': 0}>
110.0226 	EXP 	placeholder_image: autoDraw = False
110.0226 	EXP 	fixationCross_2: autoDraw = True
110.6733 	DATA 	Keypress: escape
110.8229 	EXP 	data_collection: status = STOPPED
110.8386 	EXP 	fixationCross_2: autoDraw = False
110.8387 	EXP 	data_collection: status = STOPPED
110.8492 	INFO 	saved data to 'C:\\Users\\User\\Desktop\\AI Work\\Year 3\\FYP\\FYP-Procedure\\psychopy\\data/570377_data_collection_2025-03-05_16h21.39.133.csv'
110.8505 	INFO 	saved data to C:\Users\User\Desktop\AI Work\Year 3\FYP\FYP-Procedure\psychopy\data/570377_data_collection_2025-03-05_16h21.39.133.psydat
