8.3838 	INFO 	Loaded monitor calibration from ['2025_02_20 13:57']
8.3943 	WARNING 	User requested fullscreen with size [2560 1440], but screen is actually [1920, 1080]. Using actual size
9.4494 	EXP 	Created window1 = Window(allowGUI=False, allowStencil=False, autoLog=True, backendConf=UNKNOWN, backgroundFit=<method-wrapper '__getattribute__' of attributeSetter object at 0x00000206C28AAB60>, backgroundImage=<method-wrapper '__getattribute__' of attributeSetter object at 0x00000206C28AAB00>, bitsMode=UNKNOWN, blendMode='avg', bpc=(8, 8, 8), color=array([0, 0, 0]), colorSpace='rgb', depthBits=8, fullscr=True, gamma=None, gammaErrorPolicy='raise', infoMsg=UNKNOWN, lms=UNKNOWN, monitor=<psychopy.monitors.calibTools.Monitor object at 0x00000206C2A840D0>, multiSample=False, name='window1', numSamples=2, pos=[0.0, 0.0], screen=1, size=array([1920, 1080]), stencilBits=0, stereo=False, title='PsychoPy', units='height', useFBO=True, useRetina=False, viewOri=0.0, viewPos=None, viewScale=None, waitBlanking=True, winType='pyglet')
9.4495 	EXP 	window1: backgroundImage = ''
9.4495 	EXP 	window1: backgroundFit = 'none'
9.5789 	EXP 	window1: Attempting to measure frame rate of screen (1) ...
9.5789 	EXP 	window1: recordFrameIntervals = False
9.7332 	EXP 	window1: recordFrameIntervals = True
9.9164 	EXP 	Screen (1) actual frame rate measured at 60.07Hz
9.9165 	EXP 	window1: recordFrameIntervals = False
11.8294 	INFO 	keyboard.Keyboard is using iohub backend.
11.8295 	EXP 	data_collection: status = STARTED
11.8835 	EXP 	Created text = TextStim(__class__=<class 'psychopy.visual.text.TextStim'>, alignHoriz=method-wrapper(...), alignText='center', alignVert=method-wrapper(...), anchorHoriz='center', anchorVert='center', antialias=True, autoDraw=False, autoLog=True, bold=False, color=array([1., 1., 1.]), colorSpace='rgb', contrast=1.0, depth=0.0, draggable=False, flipHoriz=False, flipVert=False, font='Arial', fontFiles=[], height=0.05, italic=False, languageStyle='LTR', name='text', opacity=1, ori=0.0, pos=array([0., 0.]), rgb=UNKNOWN, text='Adjustment Period', units='height', win=Window(...), wrapWidth=1)
11.9007 	EXP 	Created wordDisplayText = TextStim(__class__=<class 'psychopy.visual.text.TextStim'>, alignHoriz=method-wrapper(...), alignText='center', alignVert=method-wrapper(...), anchorHoriz='center', anchorVert='center', antialias=True, autoDraw=False, autoLog=True, bold=False, color=array([1., 1., 1.]), colorSpace='rgb', contrast=1.0, depth=-1.0, draggable=False, flipHoriz=False, flipVert=False, font='Arial', fontFiles=[], height=0.05, italic=False, languageStyle='LTR', name='wordDisplayText', opacity=1, ori=0.0, pos=array([0., 0.]), rgb=UNKNOWN, text='', units='height', win=Window(...), wrapWidth=1)
11.9058 	EXP 	Created fixationCross = TextStim(__class__=<class 'psychopy.visual.text.TextStim'>, alignHoriz=method-wrapper(...), alignText='center', alignVert=method-wrapper(...), anchorHoriz='center', anchorVert='center', antialias=True, autoDraw=False, autoLog=True, bold=False, color=array([1., 1., 1.]), colorSpace='rgb', contrast=1.0, depth=0.0, draggable=False, flipHoriz=False, flipVert=False, font='Arial', fontFiles=[], height=0.05, italic=False, languageStyle='LTR', name='fixationCross', opacity=1, ori=0.0, pos=array([0., 0.]), rgb=UNKNOWN, text='+', units='height', win=Window(...), wrapWidth=1)
11.9092 	EXP 	Created placeholder_image = ImageStim(__class__=<class 'psychopy.visual.image.ImageStim'>, anchor=('center', 'center'), autoLog=True, color=array([1., 1., 1.]), colorSpace='rgb', contrast=1.0, depth=0.0, draggable=False, flipHoriz=False, flipVert=False, image='blank.png', interpolate=True, mask=None, maskParams=None, name='placeholder_image', opacity=1, ori=0.0, pos=array([0., 0.]), size=array([0.5, 0.5]), texRes=128.0, units='height', win=Window(...))
0.0218 	EXP 	text: autoDraw = True
10.0190 	EXP 	Imported words.csv as conditions, 20 conditions, 3 params
10.0193 	EXP 	New trial (rep=0, index=0): <Trial 0 (0 in rep 0) data={'word': 'I', 'marker': 1, 'keybind': 'a', 'thisN': 0, 'thisTrialN': 0, 'thisRepN': 0}>
10.0327 	DATA 	Keypress: o
10.0355 	EXP 	text: autoDraw = False
10.0355 	EXP 	wordDisplayText: height = 0.05
10.0355 	EXP 	wordDisplayText: height = 0.05
10.0355 	EXP 	wordDisplayText: height = 0.05
10.0355 	EXP 	wordDisplayText: text = 'Give'
10.0355 	EXP 	wordDisplayText: autoDraw = True
14.0272 	EXP 	wordDisplayText: autoDraw = False
14.0272 	EXP 	fixationCross: autoDraw = True
50.0480 	EXP 	fixationCross: autoDraw = False
50.0480 	EXP 	placeholder_image: autoDraw = True
58.0078 	EXP 	New trial (rep=0, index=1): <Trial 1 (1 in rep 0) data={'word': 'More', 'marker': 2, 'keybind': 'b', 'thisN': 1, 'thisTrialN': 1, 'thisRepN': 0}>
58.0154 	DATA 	Keypress: i
58.0244 	EXP 	placeholder_image: autoDraw = False
58.0244 	EXP 	wordDisplayText: height = 0.05
58.0244 	EXP 	wordDisplayText: height = 0.05
58.0244 	EXP 	wordDisplayText: height = 0.05
58.0244 	EXP 	wordDisplayText: text = 'On'
58.0244 	EXP 	wordDisplayText: autoDraw = True
61.1069 	DATA 	Keypress: escape
61.2230 	EXP 	data_collection: status = STOPPED
61.2387 	EXP 	wordDisplayText: autoDraw = False
61.2387 	EXP 	data_collection: status = STOPPED
61.2412 	INFO 	saved data to 'C:\\Users\\User\\Desktop\\AI Work\\Year 3\\FYP\\FYP-Procedure\\psychopy\\data/686073_data_collection_2025-03-04_17h05.31.470.csv'
61.2424 	INFO 	saved data to C:\Users\User\Desktop\AI Work\Year 3\FYP\FYP-Procedure\psychopy\data/686073_data_collection_2025-03-04_17h05.31.470.psydat
