49.9469 	INFO 	Loaded monitor calibration from ['2025_02_20 13:57']
49.9696 	WARNING 	Requested an unavailable screen number - using first available.
49.9828 	WARNING 	User requested fullscreen with size [2560 1440], but screen is actually [1920, 1080]. Using actual size
55.9098 	EXP 	Created window1 = Window(allowGUI=False, allowStencil=False, autoLog=True, backendConf=UNKNOWN, backgroundFit=<method-wrapper '__getattribute__' of attributeSetter object at 0x000001A710D56290>, backgroundImage=<method-wrapper '__getattribute__' of attributeSetter object at 0x000001A710D56230>, bitsMode=UNKNOWN, blendMode='avg', bpc=(8, 8, 8), color=array([0, 0, 0]), colorSpace='rgb', depthBits=8, fullscr=True, gamma=None, gammaErrorPolicy='raise', infoMsg=UNKNOWN, lms=UNKNOWN, monitor=<psychopy.monitors.calibTools.Monitor object at 0x000001A710F1F7C0>, multiSample=False, name='window1', numSamples=2, pos=[0.0, 0.0], screen=1, size=array([1920, 1080]), stencilBits=0, stereo=False, title='PsychoPy', units='height', useFBO=True, useRetina=False, viewOri=0.0, viewPos=None, viewScale=None, waitBlanking=True, winType='pyglet')
55.9099 	EXP 	window1: backgroundImage = ''
55.9099 	EXP 	window1: backgroundFit = 'none'
56.6728 	EXP 	window1: Attempting to measure frame rate of screen (1) ...
56.6728 	EXP 	window1: recordFrameIntervals = False
57.2872 	EXP 	window1: recordFrameIntervals = True
57.4021 	WARNING 	t of last frame was 21.01ms (=1/47)
58.3205 	WARNING 	t of last frame was 23.14ms (=1/43)
58.3407 	WARNING 	t of last frame was 20.24ms (=1/49)
58.9308 	WARNING 	Couldn't measure a consistent frame rate!
  - Is your graphics card set to sync to vertical blank?
  - Are you running other processes on your computer?

71.8987 	INFO 	keyboard.Keyboard is using iohub backend.
71.8988 	EXP 	data_collection: status = STARTED
72.1949 	EXP 	Created text = TextStim(__class__=<class 'psychopy.visual.text.TextStim'>, alignHoriz=method-wrapper(...), alignText='center', alignVert=method-wrapper(...), anchorHoriz='center', anchorVert='center', antialias=True, autoDraw=False, autoLog=True, bold=False, color=array([1., 1., 1.]), colorSpace='rgb', contrast=1.0, depth=0.0, draggable=False, flipHoriz=False, flipVert=False, font='Arial', fontFiles=[], height=0.05, italic=False, languageStyle='LTR', name='text', opacity=1, ori=0.0, pos=array([0., 0.]), rgb=UNKNOWN, text='Adjustment Period', units='height', win=Window(...), wrapWidth=1)
72.2196 	EXP 	Created fixationCross_2 = TextStim(__class__=<class 'psychopy.visual.text.TextStim'>, alignHoriz=method-wrapper(...), alignText='center', alignVert=method-wrapper(...), anchorHoriz='center', anchorVert='center', antialias=True, autoDraw=False, autoLog=True, bold=False, color=array([1., 1., 1.]), colorSpace='rgb', contrast=1.0, depth=0.0, draggable=False, flipHoriz=False, flipVert=False, font='Arial', fontFiles=[], height=0.05, italic=False, languageStyle='LTR', name='fixationCross_2', opacity=1, ori=0.0, pos=array([0., 0.]), rgb=UNKNOWN, text='x', units='height', win=Window(...), wrapWidth=1)
72.3447 	EXP 	Created wordDisplayText = TextStim(__class__=<class 'psychopy.visual.text.TextStim'>, alignHoriz=method-wrapper(...), alignText='center', alignVert=method-wrapper(...), anchorHoriz='center', anchorVert='center', antialias=True, autoDraw=False, autoLog=True, bold=False, color=array([1., 1., 1.]), colorSpace='rgb', contrast=1.0, depth=-1.0, draggable=False, flipHoriz=False, flipVert=False, font='Arial', fontFiles=[], height=0.05, italic=False, languageStyle='LTR', name='wordDisplayText', opacity=1, ori=0.0, pos=array([0., 0.]), rgb=UNKNOWN, text='', units='height', win=Window(...), wrapWidth=1)
72.3695 	EXP 	Created fixationCross = TextStim(__class__=<class 'psychopy.visual.text.TextStim'>, alignHoriz=method-wrapper(...), alignText='center', alignVert=method-wrapper(...), anchorHoriz='center', anchorVert='center', antialias=True, autoDraw=False, autoLog=True, bold=False, color=array([1., 1., 1.]), colorSpace='rgb', contrast=1.0, depth=0.0, draggable=False, flipHoriz=False, flipVert=False, font='Arial', fontFiles=[], height=0.05, italic=False, languageStyle='LTR', name='fixationCross', opacity=1, ori=0.0, pos=array([0., 0.]), rgb=UNKNOWN, text='+', units='height', win=Window(...), wrapWidth=1)
72.3979 	EXP 	Created placeholder_image = ImageStim(__class__=<class 'psychopy.visual.image.ImageStim'>, anchor=('center', 'center'), autoLog=True, color=array([1., 1., 1.]), colorSpace='rgb', contrast=1.0, depth=0.0, draggable=False, flipHoriz=False, flipVert=False, image='blank.png', interpolate=True, mask=None, maskParams=None, name='placeholder_image', opacity=1, ori=0.0, pos=array([0., 0.]), size=array([0.5, 0.5]), texRes=128.0, units='height', win=Window(...))
0.0999 	WARNING 	t of last frame was 29.01ms (=1/34)
0.0999 	EXP 	text: autoDraw = True
0.1224 	WARNING 	Multiple dropped frames have occurred - I'll stop bothering you about them!
10.0304 	EXP 	Imported words.csv as conditions, 20 conditions, 3 params
10.0362 	EXP 	New trial (rep=0, index=0): <Trial 0 (0 in rep 0) data={'word': 'I', 'marker': 1, 'keybind': 'a', 'thisN': 0, 'thisTrialN': 0, 'thisRepN': 0}>
10.0493 	EXP 	text: autoDraw = False
10.0493 	EXP 	fixationCross_2: autoDraw = True
12.2540 	DATA 	Keypress: j
12.2595 	EXP 	fixationCross_2: autoDraw = False
12.2595 	EXP 	wordDisplayText: height = 0.05
12.2595 	EXP 	wordDisplayText: height = 0.05
12.2595 	EXP 	wordDisplayText: height = 0.05
12.2595 	EXP 	wordDisplayText: text = 'Stop'
12.2595 	EXP 	wordDisplayText: autoDraw = True
16.0216 	EXP 	wordDisplayText: autoDraw = False
16.0216 	EXP 	fixationCross: autoDraw = True
26.4476 	DATA 	Keypress: escape
26.5805 	EXP 	data_collection: status = STOPPED
26.5964 	EXP 	fixationCross: autoDraw = False
26.5965 	EXP 	data_collection: status = STOPPED
26.6001 	INFO 	saved data to 'C:\\Users\\User\\Desktop\\AI Work\\Year 3\\FYP\\FYP-Procedure\\psychopy\\data/711855_data_collection_2025-04-28_20h27.46.642.csv'
26.6017 	INFO 	saved data to C:\Users\User\Desktop\AI Work\Year 3\FYP\FYP-Procedure\psychopy\data/711855_data_collection_2025-04-28_20h27.46.642.psydat
