12.0532 	INFO 	Loaded monitor calibration from ['2025_02_20 13:57']
12.0650 	WARNING 	User requested fullscreen with size [2560 1440], but screen is actually [1920, 1080]. Using actual size
13.1932 	EXP 	Created window1 = Window(allowGUI=False, allowStencil=False, autoLog=True, backendConf=UNKNOWN, backgroundFit=<method-wrapper '__getattribute__' of attributeSetter object at 0x000001B443516B90>, backgroundImage=<method-wrapper '__getattribute__' of attributeSetter object at 0x000001B443516B30>, bitsMode=UNKNOWN, blendMode='avg', bpc=(8, 8, 8), color=array([0, 0, 0]), colorSpace='rgb', depthBits=8, fullscr=True, gamma=None, gammaErrorPolicy='raise', infoMsg=UNKNOWN, lms=UNKNOWN, monitor=<psychopy.monitors.calibTools.Monitor object at 0x000001B4436F4100>, multiSample=False, name='window1', numSamples=2, pos=[0.0, 0.0], screen=1, size=array([1920, 1080]), stencilBits=0, stereo=False, title='PsychoPy', units='height', useFBO=True, useRetina=False, viewOri=0.0, viewPos=None, viewScale=None, waitBlanking=True, winType='pyglet')
13.1933 	EXP 	window1: backgroundImage = ''
13.1933 	EXP 	window1: backgroundFit = 'none'
13.3243 	EXP 	window1: Attempting to measure frame rate of screen (1) ...
13.3244 	EXP 	window1: recordFrameIntervals = False
13.4913 	EXP 	window1: recordFrameIntervals = True
13.6746 	EXP 	Screen (1) actual frame rate measured at 60.14Hz
13.6746 	EXP 	window1: recordFrameIntervals = False
16.0364 	INFO 	keyboard.Keyboard is using iohub backend.
16.0365 	EXP 	data_collection: status = STARTED
16.1058 	EXP 	Created text = TextStim(__class__=<class 'psychopy.visual.text.TextStim'>, alignHoriz=method-wrapper(...), alignText='center', alignVert=method-wrapper(...), anchorHoriz='center', anchorVert='center', antialias=True, autoDraw=False, autoLog=True, bold=False, color=array([1., 1., 1.]), colorSpace='rgb', contrast=1.0, depth=0.0, draggable=False, flipHoriz=False, flipVert=False, font='Arial', fontFiles=[], height=0.05, italic=False, languageStyle='LTR', name='text', opacity=1, ori=0.0, pos=array([0., 0.]), rgb=UNKNOWN, text='Ajustment Period', units='height', win=Window(...), wrapWidth=1)
16.1249 	EXP 	Created wordDisplayText = TextStim(__class__=<class 'psychopy.visual.text.TextStim'>, alignHoriz=method-wrapper(...), alignText='center', alignVert=method-wrapper(...), anchorHoriz='center', anchorVert='center', antialias=True, autoDraw=False, autoLog=True, bold=False, color=array([1., 1., 1.]), colorSpace='rgb', contrast=1.0, depth=-1.0, draggable=False, flipHoriz=False, flipVert=False, font='Arial', fontFiles=[], height=0.05, italic=False, languageStyle='LTR', name='wordDisplayText', opacity=1, ori=0.0, pos=array([0., 0.]), rgb=UNKNOWN, text='', units='height', win=Window(...), wrapWidth=1)
16.1294 	EXP 	Created fixationCross = TextStim(__class__=<class 'psychopy.visual.text.TextStim'>, alignHoriz=method-wrapper(...), alignText='center', alignVert=method-wrapper(...), anchorHoriz='center', anchorVert='center', antialias=True, autoDraw=False, autoLog=True, bold=False, color=array([1., 1., 1.]), colorSpace='rgb', contrast=1.0, depth=0.0, draggable=False, flipHoriz=False, flipVert=False, font='Arial', fontFiles=[], height=0.05, italic=False, languageStyle='LTR', name='fixationCross', opacity=1, ori=0.0, pos=array([0., 0.]), rgb=UNKNOWN, text='+', units='height', win=Window(...), wrapWidth=1)
16.1413 	EXP 	Created placeholder_image = ImageStim(__class__=<class 'psychopy.visual.image.ImageStim'>, anchor=('center', 'center'), autoLog=True, color=array([1., 1., 1.]), colorSpace='rgb', contrast=1.0, depth=0.0, draggable=False, flipHoriz=False, flipVert=False, image='blank.png', interpolate=True, mask=None, maskParams=None, name='placeholder_image', opacity=1, ori=0.0, pos=array([0., 0.]), size=array([0.5, 0.5]), texRes=128.0, units='height', win=Window(...))
0.0144 	EXP 	text: autoDraw = True
10.0114 	EXP 	Imported words.csv as conditions, 20 conditions, 3 params
10.0117 	EXP 	New trial (rep=0, index=0): <Trial 0 (0 in rep 0) data={'word': 'I', 'marker': 1, 'keybind': 'a', 'thisN': 0, 'thisTrialN': 0, 'thisRepN': 0}>
10.0565 	DATA 	Keypress: n
10.0592 	EXP 	text: autoDraw = False
10.0592 	EXP 	wordDisplayText: height = 0.05
10.0592 	EXP 	wordDisplayText: height = 0.05
10.0592 	EXP 	wordDisplayText: height = 0.05
10.0592 	EXP 	wordDisplayText: text = 'In'
10.0592 	EXP 	wordDisplayText: autoDraw = True
14.0196 	EXP 	wordDisplayText: autoDraw = False
14.0196 	EXP 	fixationCross: autoDraw = True
50.0407 	EXP 	fixationCross: autoDraw = False
50.0407 	EXP 	placeholder_image: autoDraw = True
58.0174 	EXP 	New trial (rep=0, index=1): <Trial 1 (1 in rep 0) data={'word': 'More', 'marker': 2, 'keybind': 'b', 'thisN': 1, 'thisTrialN': 1, 'thisRepN': 0}>
58.0335 	EXP 	placeholder_image: autoDraw = False
58.0335 	EXP 	wordDisplayText: height = 0.05
58.0335 	EXP 	wordDisplayText: height = 0.05
58.0335 	EXP 	wordDisplayText: height = 0.05
58.0335 	EXP 	wordDisplayText: text = 'When'
58.0335 	EXP 	wordDisplayText: autoDraw = True
62.0299 	EXP 	wordDisplayText: autoDraw = False
62.0299 	EXP 	fixationCross: autoDraw = True
69.6086 	DATA 	Keypress: escape
69.7243 	EXP 	data_collection: status = STOPPED
69.7403 	EXP 	fixationCross: autoDraw = False
69.7404 	EXP 	data_collection: status = STOPPED
69.7430 	INFO 	saved data to 'C:\\Users\\User\\Desktop\\AI Work\\Year 3\\FYP\\FYP-Procedure\\psychopy\\data/792703_data_collection_2025-03-04_16h24.57.237.csv'
69.7446 	INFO 	saved data to C:\Users\User\Desktop\AI Work\Year 3\FYP\FYP-Procedure\psychopy\data/792703_data_collection_2025-03-04_16h24.57.237.psydat
