72.6782 	INFO 	Loaded monitor calibration from ['2025_02_20 13:57']
72.6904 	WARNING 	User requested fullscreen with size [2560 1440], but screen is actually [1920, 1080]. Using actual size
73.7837 	EXP 	Created window1 = Window(allowGUI=False, allowStencil=False, autoLog=True, backendConf=UNKNOWN, backgroundFit=<method-wrapper '__getattribute__' of attributeSetter object at 0x000001D71D5B6290>, backgroundImage=<method-wrapper '__getattribute__' of attributeSetter object at 0x000001D71D5B6230>, bitsMode=UNKNOWN, blendMode='avg', bpc=(8, 8, 8), color=array([0, 0, 0]), colorSpace='rgb', depthBits=8, fullscr=True, gamma=None, gammaErrorPolicy='raise', infoMsg=UNKNOWN, lms=UNKNOWN, monitor=<psychopy.monitors.calibTools.Monitor object at 0x000001D71D77F7C0>, multiSample=False, name='window1', numSamples=2, pos=[0.0, 0.0], screen=1, size=array([1920, 1080]), stencilBits=0, stereo=False, title='PsychoPy', units='height', useFBO=True, useRetina=False, viewOri=0.0, viewPos=None, viewScale=None, waitBlanking=True, winType='pyglet')
73.7837 	EXP 	window1: backgroundImage = ''
73.7838 	EXP 	window1: backgroundFit = 'none'
73.9107 	EXP 	window1: Attempting to measure frame rate of screen (1) ...
73.9107 	EXP 	window1: recordFrameIntervals = False
74.0790 	EXP 	window1: recordFrameIntervals = True
74.2626 	EXP 	Screen (1) actual frame rate measured at 60.01Hz
74.2626 	EXP 	window1: recordFrameIntervals = False
76.2790 	INFO 	keyboard.Keyboard is using iohub backend.
76.2790 	EXP 	data_collection: status = STARTED
76.3341 	EXP 	Created text = TextStim(__class__=<class 'psychopy.visual.text.TextStim'>, alignHoriz=method-wrapper(...), alignText='center', alignVert=method-wrapper(...), anchorHoriz='center', anchorVert='center', antialias=True, autoDraw=False, autoLog=True, bold=False, color=array([1., 1., 1.]), colorSpace='rgb', contrast=1.0, depth=0.0, draggable=False, flipHoriz=False, flipVert=False, font='Arial', fontFiles=[], height=0.05, italic=False, languageStyle='LTR', name='text', opacity=1, ori=0.0, pos=array([0., 0.]), rgb=UNKNOWN, text='Adjustment Period', units='height', win=Window(...), wrapWidth=1)
76.3377 	EXP 	Created fixationCross_2 = TextStim(__class__=<class 'psychopy.visual.text.TextStim'>, alignHoriz=method-wrapper(...), alignText='center', alignVert=method-wrapper(...), anchorHoriz='center', anchorVert='center', antialias=True, autoDraw=False, autoLog=True, bold=False, color=array([1., 1., 1.]), colorSpace='rgb', contrast=1.0, depth=0.0, draggable=False, flipHoriz=False, flipVert=False, font='Arial', fontFiles=[], height=0.05, italic=False, languageStyle='LTR', name='fixationCross_2', opacity=1, ori=0.0, pos=array([0., 0.]), rgb=UNKNOWN, text='+', units='height', win=Window(...), wrapWidth=1)
76.3555 	EXP 	Created wordDisplayText = TextStim(__class__=<class 'psychopy.visual.text.TextStim'>, alignHoriz=method-wrapper(...), alignText='center', alignVert=method-wrapper(...), anchorHoriz='center', anchorVert='center', antialias=True, autoDraw=False, autoLog=True, bold=False, color=array([1., 1., 1.]), colorSpace='rgb', contrast=1.0, depth=-1.0, draggable=False, flipHoriz=False, flipVert=False, font='Arial', fontFiles=[], height=0.05, italic=False, languageStyle='LTR', name='wordDisplayText', opacity=1, ori=0.0, pos=array([0., 0.]), rgb=UNKNOWN, text='', units='height', win=Window(...), wrapWidth=1)
76.3584 	EXP 	Created fixationCross = TextStim(__class__=<class 'psychopy.visual.text.TextStim'>, alignHoriz=method-wrapper(...), alignText='center', alignVert=method-wrapper(...), anchorHoriz='center', anchorVert='center', antialias=True, autoDraw=False, autoLog=True, bold=False, color=array([1., 1., 1.]), colorSpace='rgb', contrast=1.0, depth=0.0, draggable=False, flipHoriz=False, flipVert=False, font='Arial', fontFiles=[], height=0.05, italic=False, languageStyle='LTR', name='fixationCross', opacity=1, ori=0.0, pos=array([0., 0.]), rgb=UNKNOWN, text='+', units='height', win=Window(...), wrapWidth=1)
76.3619 	EXP 	Created placeholder_image = ImageStim(__class__=<class 'psychopy.visual.image.ImageStim'>, anchor=('center', 'center'), autoLog=True, color=array([1., 1., 1.]), colorSpace='rgb', contrast=1.0, depth=0.0, draggable=False, flipHoriz=False, flipVert=False, image='blank.png', interpolate=True, mask=None, maskParams=None, name='placeholder_image', opacity=1, ori=0.0, pos=array([0., 0.]), size=array([0.5, 0.5]), texRes=128.0, units='height', win=Window(...))
0.0152 	EXP 	text: autoDraw = True
10.0133 	EXP 	Imported words.csv as conditions, 20 conditions, 3 params
10.0136 	EXP 	New trial (rep=0, index=0): <Trial 0 (0 in rep 0) data={'word': 'I', 'marker': 1, 'keybind': 'a', 'thisN': 0, 'thisTrialN': 0, 'thisRepN': 0}>
10.0238 	EXP 	text: autoDraw = False
10.0238 	EXP 	fixationCross_2: autoDraw = True
12.0212 	DATA 	Keypress: m
12.0246 	EXP 	fixationCross_2: autoDraw = False
12.0246 	EXP 	wordDisplayText: height = 0.05
12.0246 	EXP 	wordDisplayText: height = 0.05
12.0246 	EXP 	wordDisplayText: height = 0.05
12.0246 	EXP 	wordDisplayText: text = 'Where'
12.0246 	EXP 	wordDisplayText: autoDraw = True
16.0189 	EXP 	wordDisplayText: autoDraw = False
16.0189 	EXP 	fixationCross: autoDraw = True
52.0522 	EXP 	fixationCross: autoDraw = False
52.0522 	EXP 	placeholder_image: autoDraw = True
60.0161 	EXP 	New trial (rep=0, index=1): <Trial 1 (1 in rep 0) data={'word': 'More', 'marker': 2, 'keybind': 'b', 'thisN': 1, 'thisTrialN': 1, 'thisRepN': 0}>
60.0325 	EXP 	placeholder_image: autoDraw = False
60.0325 	EXP 	fixationCross_2: autoDraw = True
62.0212 	DATA 	Keypress: r
62.0314 	EXP 	fixationCross_2: autoDraw = False
62.0314 	EXP 	wordDisplayText: height = 0.05
62.0314 	EXP 	wordDisplayText: height = 0.05
62.0314 	EXP 	wordDisplayText: height = 0.05
62.0314 	EXP 	wordDisplayText: text = 'Why'
62.0314 	EXP 	wordDisplayText: autoDraw = True
66.0279 	EXP 	wordDisplayText: autoDraw = False
66.0279 	EXP 	fixationCross: autoDraw = True
88.7431 	EXP 	data_collection: status = STOPPED
88.7587 	EXP 	fixationCross: autoDraw = False
88.7588 	EXP 	data_collection: status = STOPPED
88.7612 	INFO 	saved data to 'C:\\Users\\User\\Desktop\\AI Work\\Year 3\\FYP\\FYP-Procedure\\psychopy\\data/880215_data_collection_2025-03-11_15h15.33.633.csv'
88.7623 	INFO 	saved data to C:\Users\User\Desktop\AI Work\Year 3\FYP\FYP-Procedure\psychopy\data/880215_data_collection_2025-03-11_15h15.33.633.psydat
