6.0648 	INFO 	Loaded monitor calibration from ['2025_02_20 13:57']
6.0721 	WARNING 	Requested an unavailable screen number - using first available.
6.0776 	WARNING 	User requested fullscreen with size [2560 1440], but screen is actually [1920, 1080]. Using actual size
7.5128 	EXP 	Created window1 = Window(allowGUI=False, allowStencil=False, autoLog=True, backendConf=UNKNOWN, backgroundFit=<method-wrapper '__getattribute__' of attributeSetter object at 0x00000243B77C9E10>, backgroundImage=<method-wrapper '__getattribute__' of attributeSetter object at 0x00000243B77C9DB0>, bitsMode=UNKNOWN, blendMode='avg', bpc=(8, 8, 8), color=array([0, 0, 0]), colorSpace='rgb', depthBits=8, fullscr=True, gamma=None, gammaErrorPolicy='raise', infoMsg=UNKNOWN, lms=UNKNOWN, monitor=<psychopy.monitors.calibTools.Monitor object at 0x00000243B7987340>, multiSample=False, name='window1', numSamples=2, pos=[0.0, 0.0], screen=1, size=array([1920, 1080]), stencilBits=0, stereo=False, title='PsychoPy', units='height', useFBO=True, useRetina=False, viewOri=0.0, viewPos=None, viewScale=None, waitBlanking=True, winType='pyglet')
7.5128 	EXP 	window1: backgroundImage = ''
7.5129 	EXP 	window1: backgroundFit = 'none'
7.6518 	EXP 	window1: Attempting to measure frame rate of screen (1) ...
7.6518 	EXP 	window1: recordFrameIntervals = False
7.8254 	EXP 	window1: recordFrameIntervals = True
8.0087 	EXP 	Screen (1) actual frame rate measured at 60.00Hz
8.0088 	EXP 	window1: recordFrameIntervals = False
10.5246 	INFO 	keyboard.Keyboard is using iohub backend.
10.5246 	EXP 	data_collection: status = STARTED
10.5956 	EXP 	Created text = TextStim(__class__=<class 'psychopy.visual.text.TextStim'>, alignHoriz=method-wrapper(...), alignText='center', alignVert=method-wrapper(...), anchorHoriz='center', anchorVert='center', antialias=True, autoDraw=False, autoLog=True, bold=False, color=array([1., 1., 1.]), colorSpace='rgb', contrast=1.0, depth=0.0, draggable=False, flipHoriz=False, flipVert=False, font='Arial', fontFiles=[], height=0.05, italic=False, languageStyle='LTR', name='text', opacity=1, ori=0.0, pos=array([0., 0.]), rgb=UNKNOWN, text='Ajustment Period', units='height', win=Window(...), wrapWidth=1)
10.6197 	EXP 	Created wordDisplayText = TextStim(__class__=<class 'psychopy.visual.text.TextStim'>, alignHoriz=method-wrapper(...), alignText='center', alignVert=method-wrapper(...), anchorHoriz='center', anchorVert='center', antialias=True, autoDraw=False, autoLog=True, bold=False, color=array([1., 1., 1.]), colorSpace='rgb', contrast=1.0, depth=-1.0, draggable=False, flipHoriz=False, flipVert=False, font='Arial', fontFiles=[], height=0.05, italic=False, languageStyle='LTR', name='wordDisplayText', opacity=1, ori=0.0, pos=array([0., 0.]), rgb=UNKNOWN, text='', units='height', win=Window(...), wrapWidth=1)
10.6256 	EXP 	Created fixationCross = TextStim(__class__=<class 'psychopy.visual.text.TextStim'>, alignHoriz=method-wrapper(...), alignText='center', alignVert=method-wrapper(...), anchorHoriz='center', anchorVert='center', antialias=True, autoDraw=False, autoLog=True, bold=False, color=array([1., 1., 1.]), colorSpace='rgb', contrast=1.0, depth=0.0, draggable=False, flipHoriz=False, flipVert=False, font='Arial', fontFiles=[], height=0.05, italic=False, languageStyle='LTR', name='fixationCross', opacity=1, ori=0.0, pos=array([0., 0.]), rgb=UNKNOWN, text='+', units='height', win=Window(...), wrapWidth=1)
0.0050 	EXP 	text: autoDraw = True
9.9946 	EXP 	Imported words.csv as conditions, 1 conditions, 3 params
9.9948 	EXP 	New trial (rep=0, index=0): <Trial 0 (0 in rep 0) data={'word': 'I', 'marker': 1, 'keybind': 'a', 'thisN': 0, 'thisTrialN': 0, 'thisRepN': 0}>
10.0714 	DATA 	Keypress: a
10.0734 	EXP 	text: autoDraw = False
10.0734 	EXP 	text: autoDraw = False
10.0734 	EXP 	wordDisplayText: height = 0.05
10.0734 	EXP 	wordDisplayText: height = 0.05
10.0734 	EXP 	wordDisplayText: height = 0.05
10.0734 	EXP 	wordDisplayText: text = 'I'
10.0734 	EXP 	wordDisplayText: autoDraw = True
14.0190 	EXP 	wordDisplayText: autoDraw = False
14.0190 	EXP 	fixationCross: autoDraw = True
50.0228 	EXP 	fixationCross: autoDraw = False
50.0229 	EXP 	data_collection: status = STOPPED
50.0253 	INFO 	saved data to 'C:\\Users\\User\\Desktop\\AI Work\\Year 3\\FYP\\FYP-Procedure\\psychopy\\data/940608_data_collection_2025-02-26_15h50.57.015.csv'
50.0268 	INFO 	saved data to C:\Users\User\Desktop\AI Work\Year 3\FYP\FYP-Procedure\psychopy\data/940608_data_collection_2025-02-26_15h50.57.015.psydat
